<?xml version="1.0" encoding="UTF-8"?>
<testsuite xmlns:xsi="http://www.w3.org/2001/XMLSchema-instance" xsi:noNamespaceSchemaLocation="https://maven.apache.org/surefire/maven-surefire-plugin/xsd/surefire-test-report-3.0.xsd" version="3.0" name="tek.capstone.dragons.runner.TestRunner" time="260.903" tests="20" errors="4" skipped="0" failures="0">
  <properties>
[...]
</properties>
  <testcase name="Verify User can update Profile Information" classname="Retail Account Page" time="31.961">
    <error message="Expected condition failed: waiting for element to be clickable: [[ChromeDriver: chrome on WINDOWS (74f02adfc32babb70750cfc49d4fc585)] -&gt; xpath: //button[@id=&apos;personalUpdateBtn&apos;]] (tried for 20 second(s) with 500 milliseconds interval)&#10;Build info: version: &apos;4.8.3&apos;, revision: &apos;e5e76298c3&apos;&#10;System info: os.name: &apos;Windows 10&apos;, os.arch: &apos;amd64&apos;, os.version: &apos;10.0&apos;, java.version: &apos;11.0.16.1&apos;&#10;Driver info: org.openqa.selenium.chrome.ChromeDriver&#10;Capabilities {acceptInsecureCerts: false, browserName: chrome, browserVersion: 113.0.5672.127, chrome: {chromedriverVersion: 113.0.5672.63 (0e1a4471d5ae..., userDataDir: C:\Users\husni\AppData\Loca...}, goog:chromeOptions: {debuggerAddress: localhost:57556}, networkConnectionEnabled: false, pageLoadStrategy: normal, platformName: WINDOWS, proxy: Proxy(), se:cdp: ws://localhost:57556/devtoo..., se:cdpVersion: 113.0.5672.127, setWindowRect: true, strictFileInteractability: false, timeouts: {implicit: 0, pageLoad: 300000, script: 30000}, unhandledPromptBehavior: dismiss and notify, webauthn:extension:credBlob: true, webauthn:extension:largeBlob: true, webauthn:extension:minPinLength: true, webauthn:extension:prf: true, webauthn:virtualAuthenticators: true}&#10;Session ID: 74f02adfc32babb70750cfc49d4fc585" type="org.openqa.selenium.TimeoutException"><![CDATA[org.openqa.selenium.TimeoutException: 
Expected condition failed: waiting for element to be clickable: [[ChromeDriver: chrome on WINDOWS (74f02adfc32babb70750cfc49d4fc585)] -> xpath: //button[@id='personalUpdateBtn']] (tried for 20 second(s) with 500 milliseconds interval)
Build info: version: '4.8.3', revision: 'e5e76298c3'
System info: os.name: 'Windows 10', os.arch: 'amd64', os.version: '10.0', java.version: '11.0.16.1'
Driver info: org.openqa.selenium.chrome.ChromeDriver
Capabilities {acceptInsecureCerts: false, browserName: chrome, browserVersion: 113.0.5672.127, chrome: {chromedriverVersion: 113.0.5672.63 (0e1a4471d5ae..., userDataDir: C:\Users\husni\AppData\Loca...}, goog:chromeOptions: {debuggerAddress: localhost:57556}, networkConnectionEnabled: false, pageLoadStrategy: normal, platformName: WINDOWS, proxy: Proxy(), se:cdp: ws://localhost:57556/devtoo..., se:cdpVersion: 113.0.5672.127, setWindowRect: true, strictFileInteractability: false, timeouts: {implicit: 0, pageLoad: 300000, script: 30000}, unhandledPromptBehavior: dismiss and notify, webauthn:extension:credBlob: true, webauthn:extension:largeBlob: true, webauthn:extension:minPinLength: true, webauthn:extension:prf: true, webauthn:virtualAuthenticators: true}
Session ID: 74f02adfc32babb70750cfc49d4fc585
	at org.openqa.selenium.support.ui.WebDriverWait.timeoutException(WebDriverWait.java:87)
	at org.openqa.selenium.support.ui.FluentWait.until(FluentWait.java:231)
	at tek.capstone.dragons.utilities.CommonUtility.waitTillClickable(CommonUtility.java:31)
	at tek.capstone.dragons.utilities.CommonUtility.click(CommonUtility.java:47)
	at tek.capstone.dragons.steps.RetailAccountSteps.userClickOnUpdateButton(RetailAccountSteps.java:36)
	at ✽.User click on Update button(classpath:features/RetailAccount.feature:15)
]]></error>
    <system-out><![CDATA[
@Regression @Regression
Scenario: Verify User can update Profile Information                        # features/RetailAccount.feature:13
 INFO [main] (SignInsteps.java:18)- User is on retail website
  Given User is on retail website                                           # tek.capstone.dragons.steps.SignInsteps.userIsOnRetailWebsite()
 INFO [main] (SignInsteps.java:24)- User clicked on signin button successfully
  When User click on Sign in option                                         # tek.capstone.dragons.steps.SignInsteps.userClickOnSignInOption()
 INFO [main] (SignInsteps.java:74)- User enter email and password successfully
  And User enter email 'newStudentHS@tekschool.us' and password 'Tek@12345' # tek.capstone.dragons.steps.SignInsteps.userEnterEmailAndPassword(java.lang.String,java.lang.String)
 INFO [main] (SignInsteps.java:80)- User click on log in button successfully
  And User click on login button                                            # tek.capstone.dragons.steps.SignInsteps.userClickOnLoginButton()
 INFO [main] (SignInsteps.java:88)- Account: was verified successfully
  And User should be logged in into Account                                 # tek.capstone.dragons.steps.SignInsteps.userShouldBeLoggedInIntoAccount()
 INFO [main] (RetailAccountSteps.java:23)- User click on account successfully
  When User click on Account option                                         # tek.capstone.dragons.steps.RetailAccountSteps.userClickOnAccountOption()
 INFO [main] (RetailAccountSteps.java:32)- User update name and phone number successfully
  And User update Name 'HusniaSh' and Phone '202-641-7733'                  # tek.capstone.dragons.steps.RetailAccountSteps.userUpdateNameAndPhone(java.lang.String,java.lang.String)
  And User click on Update button                                           # tek.capstone.dragons.steps.RetailAccountSteps.userClickOnUpdateButton()
      org.openqa.selenium.TimeoutException: Expected condition failed: waiting for element to be clickable: [[ChromeDriver: chrome on WINDOWS (74f02adfc32babb70750cfc49d4fc585)] -> xpath: //button[@id='personalUpdateBtn']] (tried for 20 second(s) with 500 milliseconds interval)
Build info: version: '4.8.3', revision: 'e5e76298c3'
System info: os.name: 'Windows 10', os.arch: 'amd64', os.version: '10.0', java.version: '11.0.16.1'
Driver info: org.openqa.selenium.chrome.ChromeDriver
Capabilities {acceptInsecureCerts: false, browserName: chrome, browserVersion: 113.0.5672.127, chrome: {chromedriverVersion: 113.0.5672.63 (0e1a4471d5ae..., userDataDir: C:\Users\husni\AppData\Loca...}, goog:chromeOptions: {debuggerAddress: localhost:57556}, networkConnectionEnabled: false, pageLoadStrategy: normal, platformName: WINDOWS, proxy: Proxy(), se:cdp: ws://localhost:57556/devtoo..., se:cdpVersion: 113.0.5672.127, setWindowRect: true, strictFileInteractability: false, timeouts: {implicit: 0, pageLoad: 300000, script: 30000}, unhandledPromptBehavior: dismiss and notify, webauthn:extension:credBlob: true, webauthn:extension:largeBlob: true, webauthn:extension:minPinLength: true, webauthn:extension:prf: true, webauthn:virtualAuthenticators: true}
Session ID: 74f02adfc32babb70750cfc49d4fc585
	at org.openqa.selenium.support.ui.WebDriverWait.timeoutException(WebDriverWait.java:87)
	at org.openqa.selenium.support.ui.FluentWait.until(FluentWait.java:231)
	at tek.capstone.dragons.utilities.CommonUtility.waitTillClickable(CommonUtility.java:31)
	at tek.capstone.dragons.utilities.CommonUtility.click(CommonUtility.java:47)
	at tek.capstone.dragons.steps.RetailAccountSteps.userClickOnUpdateButton(RetailAccountSteps.java:36)
	at âœ½.User click on Update button(classpath:features/RetailAccount.feature:15)

  Then user profile information should be updated                           # tek.capstone.dragons.steps.RetailAccountSteps.userProfileInformationShouldBeUpdated()

    Embedding Verify User can update Profile Informationscenario failed [img/png 37746 bytes]

]]></system-out>
    <system-err><![CDATA[SLF4J: Failed to load class "org.slf4j.impl.StaticLoggerBinder".
SLF4J: Defaulting to no-operation (NOP) logger implementation
SLF4J: See http://www.slf4j.org/codes.html#StaticLoggerBinder for further details.
ERROR StatusLogger Log4j2 could not find a logging implementation. Please add log4j-core to the classpath. Using SimpleLogger to log to the console...
Starting ChromeDriver 113.0.5672.63 (0e1a4471d5ae5bf128b1bd8f4d627c8cbd55f70c-refs/branch-heads/5672@{#912}) on port 47256
Only local connections are allowed.
Please see https://chromedriver.chromium.org/security-considerations for suggestions on keeping ChromeDriver safe.
ChromeDriver was started successfully.
May 31, 2023 10:37:38 PM org.openqa.selenium.devtools.CdpVersionFinder findNearestMatch
WARNING: Unable to find an exact match for CDP version 113, so returning the closest version found: 111
]]></system-err>
  </testcase>
  <testcase name="Verify User can add a payment method" classname="Retail Account Page" time="8.336">
    <system-out><![CDATA[
@Regression @Regression
Scenario: Verify User can add a payment method                              # features/RetailAccount.feature:19
 INFO [main] (SignInsteps.java:18)- User is on retail website
  Given User is on retail website                                           # tek.capstone.dragons.steps.SignInsteps.userIsOnRetailWebsite()
 INFO [main] (SignInsteps.java:24)- User clicked on signin button successfully
  When User click on Sign in option                                         # tek.capstone.dragons.steps.SignInsteps.userClickOnSignInOption()
 INFO [main] (SignInsteps.java:74)- User enter email and password successfully
  And User enter email 'newStudentHS@tekschool.us' and password 'Tek@12345' # tek.capstone.dragons.steps.SignInsteps.userEnterEmailAndPassword(java.lang.String,java.lang.String)
 INFO [main] (SignInsteps.java:80)- User click on log in button successfully
  And User click on login button                                            # tek.capstone.dragons.steps.SignInsteps.userClickOnLoginButton()
 INFO [main] (SignInsteps.java:88)- Account: was verified successfully
  And User should be logged in into Account                                 # tek.capstone.dragons.steps.SignInsteps.userShouldBeLoggedInIntoAccount()
 INFO [main] (RetailAccountSteps.java:23)- User click on account successfully
  When User click on Account option                                         # tek.capstone.dragons.steps.RetailAccountSteps.userClickOnAccountOption()
 INFO [main] (RetailAccountSteps.java:51)- User click on add payment method successfully
  And User click on Add a payment method link                               # tek.capstone.dragons.steps.RetailAccountSteps.userClickOnAddAPaymentMethodLink()
 INFO [main] (RetailAccountSteps.java:73)- User enterd the information successfully 
  And User fill Debit or credit card information                            # tek.capstone.dragons.steps.RetailAccountSteps.userFillDebitOrCreditCardInformation(io.cucumber.datatable.DataTable)
    | cardNumber       | nameOnCard | expirationMonth | expirationYear | securityCode |
    | 5174126789072591 | Husnia     | 6               | 2025           | 882          |
 INFO [main] (RetailAccountSteps.java:79)-  add your card Button successfully
  And User click on Add your card button                                    # tek.capstone.dragons.steps.RetailAccountSteps.userClickOnAddYourCardButton()
 INFO [main] (RetailAccountSteps.java:86)- Payment method added successfully
  Then a message should be displayed â€˜Payment Method added successfullyâ€™    # tek.capstone.dragons.steps.RetailAccountSteps.aMessageShouldBeDisplayedPaymentMethodAddedSuccessfully()
]]></system-out>
    <system-err><![CDATA[Starting ChromeDriver 113.0.5672.63 (0e1a4471d5ae5bf128b1bd8f4d627c8cbd55f70c-refs/branch-heads/5672@{#912}) on port 43374
Only local connections are allowed.
Please see https://chromedriver.chromium.org/security-considerations for suggestions on keeping ChromeDriver safe.
ChromeDriver was started successfully.
May 31, 2023 10:38:08 PM org.openqa.selenium.devtools.CdpVersionFinder findNearestMatch
WARNING: Unable to find an exact match for CDP version 113, so returning the closest version found: 111
]]></system-err>
  </testcase>
  <testcase name="Verify User can edit Debit or Credit card" classname="Retail Account Page" time="47.91">
    <error message="Expected condition failed: waiting for visibility of Proxy element for: DefaultElementLocator &apos;By.xpath: //div[text()=&apos;Payment Method updated Successfully&apos;]&apos; (tried for 20 second(s) with 500 milliseconds interval)" type="org.openqa.selenium.TimeoutException"><![CDATA[org.openqa.selenium.TimeoutException: Expected condition failed: waiting for visibility of Proxy element for: DefaultElementLocator 'By.xpath: //div[text()='Payment Method updated Successfully']' (tried for 20 second(s) with 500 milliseconds interval)
	at org.openqa.selenium.support.ui.WebDriverWait.timeoutException(WebDriverWait.java:87)
	at org.openqa.selenium.support.ui.FluentWait.until(FluentWait.java:231)
	at tek.capstone.dragons.utilities.CommonUtility.waitTillPresence(CommonUtility.java:39)
	at tek.capstone.dragons.steps.RetailAccountSteps.aMessageShouldBeDisplayedPaymentMethodUpdatedSuccessfully(RetailAccountSteps.java:131)
	at ✽.a message should be displayed ‘Payment Method updated Successfully’(classpath:features/RetailAccount.feature:35)
Caused by: org.openqa.selenium.NoSuchElementException: no such element: Unable to locate element: {"method":"xpath","selector":"//div[text()='Payment Method updated Successfully']"}
  (Session info: headless chrome=113.0.5672.127)
For documentation on this error, please visit: https://selenium.dev/exceptions/#no_such_element
Build info: version: '4.8.3', revision: 'e5e76298c3'
System info: os.name: 'Windows 10', os.arch: 'amd64', os.version: '10.0', java.version: '11.0.16.1'
Driver info: org.openqa.selenium.chrome.ChromeDriver
Command: [73afa853d02accc5d16dd6e4980e0723, findElement {using=xpath, value=//div[text()='Payment Method updated Successfully']}]
Capabilities {acceptInsecureCerts: false, browserName: chrome, browserVersion: 113.0.5672.127, chrome: {chromedriverVersion: 113.0.5672.63 (0e1a4471d5ae..., userDataDir: C:\Users\husni\AppData\Loca...}, goog:chromeOptions: {debuggerAddress: localhost:57612}, networkConnectionEnabled: false, pageLoadStrategy: normal, platformName: WINDOWS, proxy: Proxy(), se:cdp: ws://localhost:57612/devtoo..., se:cdpVersion: 113.0.5672.127, setWindowRect: true, strictFileInteractability: false, timeouts: {implicit: 0, pageLoad: 300000, script: 30000}, unhandledPromptBehavior: dismiss and notify, webauthn:extension:credBlob: true, webauthn:extension:largeBlob: true, webauthn:extension:minPinLength: true, webauthn:extension:prf: true, webauthn:virtualAuthenticators: true}
Session ID: 73afa853d02accc5d16dd6e4980e0723
	at java.base/jdk.internal.reflect.NativeConstructorAccessorImpl.newInstance0(Native Method)
	at java.base/jdk.internal.reflect.NativeConstructorAccessorImpl.newInstance(NativeConstructorAccessorImpl.java:62)
	at java.base/jdk.internal.reflect.DelegatingConstructorAccessorImpl.newInstance(DelegatingConstructorAccessorImpl.java:45)
	at java.base/java.lang.reflect.Constructor.newInstance(Constructor.java:490)
	at org.openqa.selenium.remote.codec.w3c.W3CHttpResponseCodec.createException(W3CHttpResponseCodec.java:200)
	at org.openqa.selenium.remote.codec.w3c.W3CHttpResponseCodec.decode(W3CHttpResponseCodec.java:133)
	at org.openqa.selenium.remote.codec.w3c.W3CHttpResponseCodec.decode(W3CHttpResponseCodec.java:53)
	at org.openqa.selenium.remote.HttpCommandExecutor.execute(HttpCommandExecutor.java:193)
	at org.openqa.selenium.remote.service.DriverCommandExecutor.invokeExecute(DriverCommandExecutor.java:183)
	at org.openqa.selenium.remote.service.DriverCommandExecutor.execute(DriverCommandExecutor.java:158)
	at org.openqa.selenium.remote.RemoteWebDriver.execute(RemoteWebDriver.java:543)
	at org.openqa.selenium.remote.ElementLocation$ElementFinder$2.findElement(ElementLocation.java:162)
	at org.openqa.selenium.remote.ElementLocation.findElement(ElementLocation.java:60)
	at org.openqa.selenium.remote.RemoteWebDriver.findElement(RemoteWebDriver.java:352)
	at org.openqa.selenium.remote.RemoteWebDriver.findElement(RemoteWebDriver.java:344)
	at org.openqa.selenium.support.pagefactory.DefaultElementLocator.findElement(DefaultElementLocator.java:70)
	at org.openqa.selenium.support.pagefactory.internal.LocatingElementHandler.invoke(LocatingElementHandler.java:39)
	at com.sun.proxy.$Proxy24.isDisplayed(Unknown Source)
	at org.openqa.selenium.support.ui.ExpectedConditions.elementIfVisible(ExpectedConditions.java:307)
	at org.openqa.selenium.support.ui.ExpectedConditions.access$000(ExpectedConditions.java:40)
	at org.openqa.selenium.support.ui.ExpectedConditions$10.apply(ExpectedConditions.java:293)
	at org.openqa.selenium.support.ui.ExpectedConditions$10.apply(ExpectedConditions.java:290)
	at org.openqa.selenium.support.ui.FluentWait.until(FluentWait.java:208)
	at tek.capstone.dragons.utilities.CommonUtility.waitTillPresence(CommonUtility.java:39)
	at tek.capstone.dragons.steps.RetailAccountSteps.aMessageShouldBeDisplayedPaymentMethodUpdatedSuccessfully(RetailAccountSteps.java:131)
	at java.base/jdk.internal.reflect.NativeMethodAccessorImpl.invoke0(Native Method)
	at java.base/jdk.internal.reflect.NativeMethodAccessorImpl.invoke(NativeMethodAccessorImpl.java:62)
	at java.base/jdk.internal.reflect.DelegatingMethodAccessorImpl.invoke(DelegatingMethodAccessorImpl.java:43)
	at java.base/java.lang.reflect.Method.invoke(Method.java:566)
	at io.cucumber.java.Invoker.doInvoke(Invoker.java:66)
	at io.cucumber.java.Invoker.invoke(Invoker.java:24)
	at io.cucumber.java.AbstractGlueDefinition.invokeMethod(AbstractGlueDefinition.java:47)
	at io.cucumber.java.JavaStepDefinition.execute(JavaStepDefinition.java:29)
	at io.cucumber.core.runner.CoreStepDefinition.execute(CoreStepDefinition.java:66)
	at io.cucumber.core.runner.PickleStepDefinitionMatch.runStep(PickleStepDefinitionMatch.java:63)
	at io.cucumber.core.runner.ExecutionMode$1.execute(ExecutionMode.java:10)
	at io.cucumber.core.runner.TestStep.executeStep(TestStep.java:85)
	at io.cucumber.core.runner.TestStep.run(TestStep.java:57)
	at io.cucumber.core.runner.PickleStepTestStep.run(PickleStepTestStep.java:51)
	at io.cucumber.core.runner.TestCase.run(TestCase.java:84)
	at io.cucumber.core.runner.Runner.runPickle(Runner.java:75)
	at io.cucumber.junit.PickleRunners$NoStepDescriptions.lambda$run$0(PickleRunners.java:151)
	at io.cucumber.core.runtime.CucumberExecutionContext.lambda$runTestCase$5(CucumberExecutionContext.java:129)
	at io.cucumber.core.runtime.RethrowingThrowableCollector.executeAndThrow(RethrowingThrowableCollector.java:23)
	at io.cucumber.core.runtime.CucumberExecutionContext.runTestCase(CucumberExecutionContext.java:129)
	at io.cucumber.junit.PickleRunners$NoStepDescriptions.run(PickleRunners.java:148)
	at io.cucumber.junit.FeatureRunner.runChild(FeatureRunner.java:144)
	at io.cucumber.junit.FeatureRunner.runChild(FeatureRunner.java:28)
	at org.junit.runners.ParentRunner$4.run(ParentRunner.java:331)
	at org.junit.runners.ParentRunner$1.schedule(ParentRunner.java:79)
	at org.junit.runners.ParentRunner.runChildren(ParentRunner.java:329)
	at org.junit.runners.ParentRunner.access$100(ParentRunner.java:66)
	at org.junit.runners.ParentRunner$2.evaluate(ParentRunner.java:293)
	at org.junit.runners.ParentRunner$3.evaluate(ParentRunner.java:306)
	at org.junit.runners.ParentRunner.run(ParentRunner.java:413)
	at io.cucumber.junit.FeatureRunner.run(FeatureRunner.java:137)
	at io.cucumber.junit.Cucumber.runChild(Cucumber.java:196)
	at io.cucumber.junit.Cucumber.runChild(Cucumber.java:89)
	at org.junit.runners.ParentRunner$4.run(ParentRunner.java:331)
	at org.junit.runners.ParentRunner$1.schedule(ParentRunner.java:79)
	at org.junit.runners.ParentRunner.runChildren(ParentRunner.java:329)
	at org.junit.runners.ParentRunner.access$100(ParentRunner.java:66)
	at org.junit.runners.ParentRunner$2.evaluate(ParentRunner.java:293)
	at io.cucumber.junit.Cucumber$RunBeforeAllHooks.evaluate(Cucumber.java:266)
	at io.cucumber.junit.Cucumber$RunAfterAllHooks.evaluate(Cucumber.java:281)
	at io.cucumber.junit.Cucumber$StartTestRun.evaluate(Cucumber.java:233)
	at io.cucumber.junit.Cucumber$FinishTestRun.evaluate(Cucumber.java:248)
	at org.junit.runners.ParentRunner$3.evaluate(ParentRunner.java:306)
	at org.junit.runners.ParentRunner.run(ParentRunner.java:413)
	at org.apache.maven.surefire.junit4.JUnit4Provider.execute(JUnit4Provider.java:377)
	at org.apache.maven.surefire.junit4.JUnit4Provider.executeWithRerun(JUnit4Provider.java:284)
	at org.apache.maven.surefire.junit4.JUnit4Provider.executeTestSet(JUnit4Provider.java:248)
	at org.apache.maven.surefire.junit4.JUnit4Provider.invoke(JUnit4Provider.java:167)
	at org.apache.maven.surefire.booter.ForkedBooter.runSuitesInProcess(ForkedBooter.java:456)
	at org.apache.maven.surefire.booter.ForkedBooter.execute(ForkedBooter.java:169)
	at org.apache.maven.surefire.booter.ForkedBooter.run(ForkedBooter.java:595)
	at org.apache.maven.surefire.booter.ForkedBooter.main(ForkedBooter.java:581)
]]></error>
    <system-out><![CDATA[
@Regression @Regression
Scenario: Verify User can edit Debit or Credit card                         # features/RetailAccount.feature:28
 INFO [main] (SignInsteps.java:18)- User is on retail website
  Given User is on retail website                                           # tek.capstone.dragons.steps.SignInsteps.userIsOnRetailWebsite()
 INFO [main] (SignInsteps.java:24)- User clicked on signin button successfully
  When User click on Sign in option                                         # tek.capstone.dragons.steps.SignInsteps.userClickOnSignInOption()
 INFO [main] (SignInsteps.java:74)- User enter email and password successfully
  And User enter email 'newStudentHS@tekschool.us' and password 'Tek@12345' # tek.capstone.dragons.steps.SignInsteps.userEnterEmailAndPassword(java.lang.String,java.lang.String)
 INFO [main] (SignInsteps.java:80)- User click on log in button successfully
  And User click on login button                                            # tek.capstone.dragons.steps.SignInsteps.userClickOnLoginButton()
 INFO [main] (SignInsteps.java:88)- Account: was verified successfully
  And User should be logged in into Account                                 # tek.capstone.dragons.steps.SignInsteps.userShouldBeLoggedInIntoAccount()
 INFO [main] (RetailAccountSteps.java:23)- User click on account successfully
  When User click on Account option                                         # tek.capstone.dragons.steps.RetailAccountSteps.userClickOnAccountOption()
 INFO [main] (RetailAccountSteps.java:93)- User click on Card to Eidt
  And User click on Card to Eidt                                            # tek.capstone.dragons.steps.RetailAccountSteps.userClickOnCardToEidt()
 INFO [main] (RetailAccountSteps.java:99)- User click on Edit option of card section successfully
  And User click on Edit option of card section                             # tek.capstone.dragons.steps.RetailAccountSteps.userClickOnEditOptionOfCardSection()
 INFO [main] (RetailAccountSteps.java:120)- User entered the information successfully 
  And user edit information with below data                                 # tek.capstone.dragons.steps.RetailAccountSteps.userEditInformationWithBelowData(io.cucumber.datatable.DataTable)
    | cardNumber       | nameOnCard | expirationMonth | expirationYear | securityCode |
    | 4350935761098341 | Husnia     | 5               | 2026           | 119          |
 INFO [main] (RetailAccountSteps.java:127)- User click Update card Button
  And user click on Update Your Card button                                 # tek.capstone.dragons.steps.RetailAccountSteps.userClickOnUpdateYourCardButton()
  Then a message should be displayed â€˜Payment Method updated Successfullyâ€™  # tek.capstone.dragons.steps.RetailAccountSteps.aMessageShouldBeDisplayedPaymentMethodUpdatedSuccessfully()
      org.openqa.selenium.TimeoutException: Expected condition failed: waiting for visibility of Proxy element for: DefaultElementLocator 'By.xpath: //div[text()='Payment Method updated Successfully']' (tried for 20 second(s) with 500 milliseconds interval)
	at org.openqa.selenium.support.ui.WebDriverWait.timeoutException(WebDriverWait.java:87)
	at org.openqa.selenium.support.ui.FluentWait.until(FluentWait.java:231)
	at tek.capstone.dragons.utilities.CommonUtility.waitTillPresence(CommonUtility.java:39)
	at tek.capstone.dragons.steps.RetailAccountSteps.aMessageShouldBeDisplayedPaymentMethodUpdatedSuccessfully(RetailAccountSteps.java:131)
	at âœ½.a message should be displayed â€˜Payment Method updated Successfullyâ€™(classpath:features/RetailAccount.feature:35)
Caused by: org.openqa.selenium.NoSuchElementException: no such element: Unable to locate element: {"method":"xpath","selector":"//div[text()='Payment Method updated Successfully']"}
  (Session info: headless chrome=113.0.5672.127)
For documentation on this error, please visit: https://selenium.dev/exceptions/#no_such_element
Build info: version: '4.8.3', revision: 'e5e76298c3'
System info: os.name: 'Windows 10', os.arch: 'amd64', os.version: '10.0', java.version: '11.0.16.1'
Driver info: org.openqa.selenium.chrome.ChromeDriver
Command: [73afa853d02accc5d16dd6e4980e0723, findElement {using=xpath, value=//div[text()='Payment Method updated Successfully']}]
Capabilities {acceptInsecureCerts: false, browserName: chrome, browserVersion: 113.0.5672.127, chrome: {chromedriverVersion: 113.0.5672.63 (0e1a4471d5ae..., userDataDir: C:\Users\husni\AppData\Loca...}, goog:chromeOptions: {debuggerAddress: localhost:57612}, networkConnectionEnabled: false, pageLoadStrategy: normal, platformName: WINDOWS, proxy: Proxy(), se:cdp: ws://localhost:57612/devtoo..., se:cdpVersion: 113.0.5672.127, setWindowRect: true, strictFileInteractability: false, timeouts: {implicit: 0, pageLoad: 300000, script: 30000}, unhandledPromptBehavior: dismiss and notify, webauthn:extension:credBlob: true, webauthn:extension:largeBlob: true, webauthn:extension:minPinLength: true, webauthn:extension:prf: true, webauthn:virtualAuthenticators: true}
Session ID: 73afa853d02accc5d16dd6e4980e0723
	at java.base/jdk.internal.reflect.NativeConstructorAccessorImpl.newInstance0(Native Method)
	at java.base/jdk.internal.reflect.NativeConstructorAccessorImpl.newInstance(NativeConstructorAccessorImpl.java:62)
	at java.base/jdk.internal.reflect.DelegatingConstructorAccessorImpl.newInstance(DelegatingConstructorAccessorImpl.java:45)
	at java.base/java.lang.reflect.Constructor.newInstance(Constructor.java:490)
	at org.openqa.selenium.remote.codec.w3c.W3CHttpResponseCodec.createException(W3CHttpResponseCodec.java:200)
	at org.openqa.selenium.remote.codec.w3c.W3CHttpResponseCodec.decode(W3CHttpResponseCodec.java:133)
	at org.openqa.selenium.remote.codec.w3c.W3CHttpResponseCodec.decode(W3CHttpResponseCodec.java:53)
	at org.openqa.selenium.remote.HttpCommandExecutor.execute(HttpCommandExecutor.java:193)
	at org.openqa.selenium.remote.service.DriverCommandExecutor.invokeExecute(DriverCommandExecutor.java:183)
	at org.openqa.selenium.remote.service.DriverCommandExecutor.execute(DriverCommandExecutor.java:158)
	at org.openqa.selenium.remote.RemoteWebDriver.execute(RemoteWebDriver.java:543)
	at org.openqa.selenium.remote.ElementLocation$ElementFinder$2.findElement(ElementLocation.java:162)
	at org.openqa.selenium.remote.ElementLocation.findElement(ElementLocation.java:60)
	at org.openqa.selenium.remote.RemoteWebDriver.findElement(RemoteWebDriver.java:352)
	at org.openqa.selenium.remote.RemoteWebDriver.findElement(RemoteWebDriver.java:344)
	at org.openqa.selenium.support.pagefactory.DefaultElementLocator.findElement(DefaultElementLocator.java:70)
	at org.openqa.selenium.support.pagefactory.internal.LocatingElementHandler.invoke(LocatingElementHandler.java:39)
	at com.sun.proxy.$Proxy24.isDisplayed(Unknown Source)
	at org.openqa.selenium.support.ui.ExpectedConditions.elementIfVisible(ExpectedConditions.java:307)
	at org.openqa.selenium.support.ui.ExpectedConditions.access$000(ExpectedConditions.java:40)
	at org.openqa.selenium.support.ui.ExpectedConditions$10.apply(ExpectedConditions.java:293)
	at org.openqa.selenium.support.ui.ExpectedConditions$10.apply(ExpectedConditions.java:290)
	at org.openqa.selenium.support.ui.FluentWait.until(FluentWait.java:208)
	at tek.capstone.dragons.utilities.CommonUtility.waitTillPresence(CommonUtility.java:39)
	at tek.capstone.dragons.steps.RetailAccountSteps.aMessageShouldBeDisplayedPaymentMethodUpdatedSuccessfully(RetailAccountSteps.java:131)
	at java.base/jdk.internal.reflect.NativeMethodAccessorImpl.invoke0(Native Method)
	at java.base/jdk.internal.reflect.NativeMethodAccessorImpl.invoke(NativeMethodAccessorImpl.java:62)
	at java.base/jdk.internal.reflect.DelegatingMethodAccessorImpl.invoke(DelegatingMethodAccessorImpl.java:43)
	at java.base/java.lang.reflect.Method.invoke(Method.java:566)
	at io.cucumber.java.Invoker.doInvoke(Invoker.java:66)
	at io.cucumber.java.Invoker.invoke(Invoker.java:24)
	at io.cucumber.java.AbstractGlueDefinition.invokeMethod(AbstractGlueDefinition.java:47)
	at io.cucumber.java.JavaStepDefinition.execute(JavaStepDefinition.java:29)
	at io.cucumber.core.runner.CoreStepDefinition.execute(CoreStepDefinition.java:66)
	at io.cucumber.core.runner.PickleStepDefinitionMatch.runStep(PickleStepDefinitionMatch.java:63)
	at io.cucumber.core.runner.ExecutionMode$1.execute(ExecutionMode.java:10)
	at io.cucumber.core.runner.TestStep.executeStep(TestStep.java:85)
	at io.cucumber.core.runner.TestStep.run(TestStep.java:57)
	at io.cucumber.core.runner.PickleStepTestStep.run(PickleStepTestStep.java:51)
	at io.cucumber.core.runner.TestCase.run(TestCase.java:84)
	at io.cucumber.core.runner.Runner.runPickle(Runner.java:75)
	at io.cucumber.junit.PickleRunners$NoStepDescriptions.lambda$run$0(PickleRunners.java:151)
	at io.cucumber.core.runtime.CucumberExecutionContext.lambda$runTestCase$5(CucumberExecutionContext.java:129)
	at io.cucumber.core.runtime.RethrowingThrowableCollector.executeAndThrow(RethrowingThrowableCollector.java:23)
	at io.cucumber.core.runtime.CucumberExecutionContext.runTestCase(CucumberExecutionContext.java:129)
	at io.cucumber.junit.PickleRunners$NoStepDescriptions.run(PickleRunners.java:148)
	at io.cucumber.junit.FeatureRunner.runChild(FeatureRunner.java:144)
	at io.cucumber.junit.FeatureRunner.runChild(FeatureRunner.java:28)
	at org.junit.runners.ParentRunner$4.run(ParentRunner.java:331)
	at org.junit.runners.ParentRunner$1.schedule(ParentRunner.java:79)
	at org.junit.runners.ParentRunner.runChildren(ParentRunner.java:329)
	at org.junit.runners.ParentRunner.access$100(ParentRunner.java:66)
	at org.junit.runners.ParentRunner$2.evaluate(ParentRunner.java:293)
	at org.junit.runners.ParentRunner$3.evaluate(ParentRunner.java:306)
	at org.junit.runners.ParentRunner.run(ParentRunner.java:413)
	at io.cucumber.junit.FeatureRunner.run(FeatureRunner.java:137)
	at io.cucumber.junit.Cucumber.runChild(Cucumber.java:196)
	at io.cucumber.junit.Cucumber.runChild(Cucumber.java:89)
	at org.junit.runners.ParentRunner$4.run(ParentRunner.java:331)
	at org.junit.runners.ParentRunner$1.schedule(ParentRunner.java:79)
	at org.junit.runners.ParentRunner.runChildren(ParentRunner.java:329)
	at org.junit.runners.ParentRunner.access$100(ParentRunner.java:66)
	at org.junit.runners.ParentRunner$2.evaluate(ParentRunner.java:293)
	at io.cucumber.junit.Cucumber$RunBeforeAllHooks.evaluate(Cucumber.java:266)
	at io.cucumber.junit.Cucumber$RunAfterAllHooks.evaluate(Cucumber.java:281)
	at io.cucumber.junit.Cucumber$StartTestRun.evaluate(Cucumber.java:233)
	at io.cucumber.junit.Cucumber$FinishTestRun.evaluate(Cucumber.java:248)
	at org.junit.runners.ParentRunner$3.evaluate(ParentRunner.java:306)
	at org.junit.runners.ParentRunner.run(ParentRunner.java:413)
	at org.apache.maven.surefire.junit4.JUnit4Provider.execute(JUnit4Provider.java:377)
	at org.apache.maven.surefire.junit4.JUnit4Provider.executeWithRerun(JUnit4Provider.java:284)
	at org.apache.maven.surefire.junit4.JUnit4Provider.executeTestSet(JUnit4Provider.java:248)
	at org.apache.maven.surefire.junit4.JUnit4Provider.invoke(JUnit4Provider.java:167)
	at org.apache.maven.surefire.booter.ForkedBooter.runSuitesInProcess(ForkedBooter.java:456)
	at org.apache.maven.surefire.booter.ForkedBooter.execute(ForkedBooter.java:169)
	at org.apache.maven.surefire.booter.ForkedBooter.run(ForkedBooter.java:595)
	at org.apache.maven.surefire.booter.ForkedBooter.main(ForkedBooter.java:581)


    Embedding Verify User can edit Debit or Credit cardscenario failed [img/png 54900 bytes]

]]></system-out>
    <system-err><![CDATA[Starting ChromeDriver 113.0.5672.63 (0e1a4471d5ae5bf128b1bd8f4d627c8cbd55f70c-refs/branch-heads/5672@{#912}) on port 11578
Only local connections are allowed.
Please see https://chromedriver.chromium.org/security-considerations for suggestions on keeping ChromeDriver safe.
ChromeDriver was started successfully.
May 31, 2023 10:38:16 PM org.openqa.selenium.devtools.CdpVersionFinder findNearestMatch
WARNING: Unable to find an exact match for CDP version 113, so returning the closest version found: 111
]]></system-err>
  </testcase>
  <testcase name="Verify User can remove Debit or Credit card" classname="Retail Account Page" time="7.109">
    <system-out><![CDATA[
@Regression @RetailPage @Regression
Scenario: Verify User can remove Debit or Credit card                       # features/RetailAccount.feature:38
 INFO [main] (SignInsteps.java:18)- User is on retail website
  Given User is on retail website                                           # tek.capstone.dragons.steps.SignInsteps.userIsOnRetailWebsite()
 INFO [main] (SignInsteps.java:24)- User clicked on signin button successfully
  When User click on Sign in option                                         # tek.capstone.dragons.steps.SignInsteps.userClickOnSignInOption()
 INFO [main] (SignInsteps.java:74)- User enter email and password successfully
  And User enter email 'newStudentHS@tekschool.us' and password 'Tek@12345' # tek.capstone.dragons.steps.SignInsteps.userEnterEmailAndPassword(java.lang.String,java.lang.String)
 INFO [main] (SignInsteps.java:80)- User click on log in button successfully
  And User click on login button                                            # tek.capstone.dragons.steps.SignInsteps.userClickOnLoginButton()
 INFO [main] (SignInsteps.java:88)- Account: was verified successfully
  And User should be logged in into Account                                 # tek.capstone.dragons.steps.SignInsteps.userShouldBeLoggedInIntoAccount()
 INFO [main] (RetailAccountSteps.java:23)- User click on account successfully
  When User click on Account option                                         # tek.capstone.dragons.steps.RetailAccountSteps.userClickOnAccountOption()
 INFO [main] (RetailAccountSteps.java:141)- User click on Card to remove
  And User click on Card to remove                                          # tek.capstone.dragons.steps.RetailAccountSteps.userClickOnCardToRemove()
 INFO [main] (RetailAccountSteps.java:147)- click on remove option
  And User click on remove option of card section                           # tek.capstone.dragons.steps.RetailAccountSteps.userClickOnRemoveOptionOfCardSection()
 INFO [main] (RetailAccountSteps.java:153)- Payment details have been removed successfully
  Then payment details should be removed                                    # tek.capstone.dragons.steps.RetailAccountSteps.paymentDetailsShouldBeRemoved()
]]></system-out>
    <system-err><![CDATA[Starting ChromeDriver 113.0.5672.63 (0e1a4471d5ae5bf128b1bd8f4d627c8cbd55f70c-refs/branch-heads/5672@{#912}) on port 5512
Only local connections are allowed.
Please see https://chromedriver.chromium.org/security-considerations for suggestions on keeping ChromeDriver safe.
ChromeDriver was started successfully.
May 31, 2023 10:39:04 PM org.openqa.selenium.devtools.CdpVersionFinder findNearestMatch
WARNING: Unable to find an exact match for CDP version 113, so returning the closest version found: 111
]]></system-err>
  </testcase>
  <testcase name="Verify User can add an Address" classname="Retail Account Page" time="13.403">
    <system-out><![CDATA[
@Regression @Regression
Scenario: Verify User can add an Address                                    # features/RetailAccount.feature:44
 INFO [main] (SignInsteps.java:18)- User is on retail website
  Given User is on retail website                                           # tek.capstone.dragons.steps.SignInsteps.userIsOnRetailWebsite()
 INFO [main] (SignInsteps.java:24)- User clicked on signin button successfully
  When User click on Sign in option                                         # tek.capstone.dragons.steps.SignInsteps.userClickOnSignInOption()
 INFO [main] (SignInsteps.java:74)- User enter email and password successfully
  And User enter email 'newStudentHS@tekschool.us' and password 'Tek@12345' # tek.capstone.dragons.steps.SignInsteps.userEnterEmailAndPassword(java.lang.String,java.lang.String)
 INFO [main] (SignInsteps.java:80)- User click on log in button successfully
  And User click on login button                                            # tek.capstone.dragons.steps.SignInsteps.userClickOnLoginButton()
 INFO [main] (SignInsteps.java:88)- Account: was verified successfully
  And User should be logged in into Account                                 # tek.capstone.dragons.steps.SignInsteps.userShouldBeLoggedInIntoAccount()
 INFO [main] (RetailAccountSteps.java:23)- User click on account successfully
  When User click on Account option                                         # tek.capstone.dragons.steps.RetailAccountSteps.userClickOnAccountOption()
 INFO [main] (RetailAccountSteps.java:161)- User click on Add address option successfully
  And User click on Add address option                                      # tek.capstone.dragons.steps.RetailAccountSteps.userClickOnAddAddressOption()
 INFO [main] (RetailAccountSteps.java:177)- User enterd the information successfully 
  And user fill new address form with below information                     # tek.capstone.dragons.steps.RetailAccountSteps.userFillNewAddressFormWithBelowInformation(io.cucumber.datatable.DataTable)
    | country       | fullName | phoneNumber  | streetAddress   | apt   | city        | state   | zipCode |
    | United States | Sara     | 202-666-0904 | 3299 Sun street | value | wooddbridge | Alabama | 22191   |
 INFO [main] (RetailAccountSteps.java:185)- User click add address button successfuly
  And User click Add Your Address button                                    # tek.capstone.dragons.steps.RetailAccountSteps.userClickAddYourAddressButton()
 INFO [main] (RetailAccountSteps.java:191)- Payment Method updated Successfully
  Then a message should be displayed â€˜Address Added Successfullyâ€™           # tek.capstone.dragons.steps.RetailAccountSteps.aMessageShouldBeDisplayedAddressAddedSuccessfully()
]]></system-out>
    <system-err><![CDATA[Starting ChromeDriver 113.0.5672.63 (0e1a4471d5ae5bf128b1bd8f4d627c8cbd55f70c-refs/branch-heads/5672@{#912}) on port 32530
Only local connections are allowed.
Please see https://chromedriver.chromium.org/security-considerations for suggestions on keeping ChromeDriver safe.
ChromeDriver was started successfully.
May 31, 2023 10:39:11 PM org.openqa.selenium.devtools.CdpVersionFinder findNearestMatch
WARNING: Unable to find an exact match for CDP version 113, so returning the closest version found: 111
]]></system-err>
  </testcase>
  <testcase name="Verify User can edit an Address added on account" classname="Retail Account Page" time="13.895">
    <system-out><![CDATA[
@Regression @Regression
Scenario: Verify User can edit an Address added on account                  # features/RetailAccount.feature:53
 INFO [main] (SignInsteps.java:18)- User is on retail website
  Given User is on retail website                                           # tek.capstone.dragons.steps.SignInsteps.userIsOnRetailWebsite()
 INFO [main] (SignInsteps.java:24)- User clicked on signin button successfully
  When User click on Sign in option                                         # tek.capstone.dragons.steps.SignInsteps.userClickOnSignInOption()
 INFO [main] (SignInsteps.java:74)- User enter email and password successfully
  And User enter email 'newStudentHS@tekschool.us' and password 'Tek@12345' # tek.capstone.dragons.steps.SignInsteps.userEnterEmailAndPassword(java.lang.String,java.lang.String)
 INFO [main] (SignInsteps.java:80)- User click on log in button successfully
  And User click on login button                                            # tek.capstone.dragons.steps.SignInsteps.userClickOnLoginButton()
 INFO [main] (SignInsteps.java:88)- Account: was verified successfully
  And User should be logged in into Account                                 # tek.capstone.dragons.steps.SignInsteps.userShouldBeLoggedInIntoAccount()
 INFO [main] (RetailAccountSteps.java:23)- User click on account successfully
  When User click on Account option                                         # tek.capstone.dragons.steps.RetailAccountSteps.userClickOnAccountOption()
 INFO [main] (RetailAccountSteps.java:197)- User click on edit address
  And User click on edit address option                                     # tek.capstone.dragons.steps.RetailAccountSteps.userClickOnEditAddressOption()
 INFO [main] (RetailAccountSteps.java:222)- User enterd the information successfully 
  And user fill  edit address form with below information                   # tek.capstone.dragons.steps.RetailAccountSteps.userFillEditAddressFormWithBelowInformation(io.cucumber.datatable.DataTable)
    | country       | fullName   | phoneNumber  | streetAddress     | apt   | city        | state   | zipCode |
    | United States | Sara Ahmad | 202-555-0101 | 3237 avneu street | value | wooddbridge | Alabama | 22191   |
 INFO [main] (RetailAccountSteps.java:229)- User click update Your Address button
  And User click update Your Address button                                 # tek.capstone.dragons.steps.RetailAccountSteps.userClickUpdateYourAddressButton()
 INFO [main] (RetailAccountSteps.java:236)- Address Updated Successfully
  Then a message should be displayed â€˜Address Updated Successfully          # tek.capstone.dragons.steps.RetailAccountSteps.aMessageShouldBeDisplayedAddressUpdatedSuccessfully()
]]></system-out>
    <system-err><![CDATA[Starting ChromeDriver 113.0.5672.63 (0e1a4471d5ae5bf128b1bd8f4d627c8cbd55f70c-refs/branch-heads/5672@{#912}) on port 31292
Only local connections are allowed.
Please see https://chromedriver.chromium.org/security-considerations for suggestions on keeping ChromeDriver safe.
ChromeDriver was started successfully.
May 31, 2023 10:39:25 PM org.openqa.selenium.devtools.CdpVersionFinder findNearestMatch
WARNING: Unable to find an exact match for CDP version 113, so returning the closest version found: 111
]]></system-err>
  </testcase>
  <testcase name="Verify User can remove Address from Account" classname="Retail Account Page" time="7.049">
    <system-out><![CDATA[
@Regression @Regression
Scenario: Verify User can remove Address from Account                       # features/RetailAccount.feature:62
 INFO [main] (SignInsteps.java:18)- User is on retail website
  Given User is on retail website                                           # tek.capstone.dragons.steps.SignInsteps.userIsOnRetailWebsite()
 INFO [main] (SignInsteps.java:24)- User clicked on signin button successfully
  When User click on Sign in option                                         # tek.capstone.dragons.steps.SignInsteps.userClickOnSignInOption()
 INFO [main] (SignInsteps.java:74)- User enter email and password successfully
  And User enter email 'newStudentHS@tekschool.us' and password 'Tek@12345' # tek.capstone.dragons.steps.SignInsteps.userEnterEmailAndPassword(java.lang.String,java.lang.String)
 INFO [main] (SignInsteps.java:80)- User click on log in button successfully
  And User click on login button                                            # tek.capstone.dragons.steps.SignInsteps.userClickOnLoginButton()
 INFO [main] (SignInsteps.java:88)- Account: was verified successfully
  And User should be logged in into Account                                 # tek.capstone.dragons.steps.SignInsteps.userShouldBeLoggedInIntoAccount()
 INFO [main] (RetailAccountSteps.java:23)- User click on account successfully
  When User click on Account option                                         # tek.capstone.dragons.steps.RetailAccountSteps.userClickOnAccountOption()
 INFO [main] (RetailAccountSteps.java:244)- User click on remove option of Address section
  And User click on remove option of Address section                        # tek.capstone.dragons.steps.RetailAccountSteps.userClickOnRemoveOptionOfAddressSection()
 INFO [main] (RetailAccountSteps.java:250)- Payment details have been removed successfully
  Then Address details should be removed                                    # tek.capstone.dragons.steps.RetailAccountSteps.addressDetailsShouldBeRemoved()
]]></system-out>
    <system-err><![CDATA[Starting ChromeDriver 113.0.5672.63 (0e1a4471d5ae5bf128b1bd8f4d627c8cbd55f70c-refs/branch-heads/5672@{#912}) on port 37545
Only local connections are allowed.
Please see https://chromedriver.chromium.org/security-considerations for suggestions on keeping ChromeDriver safe.
ChromeDriver was started successfully.
May 31, 2023 10:39:38 PM org.openqa.selenium.devtools.CdpVersionFinder findNearestMatch
WARNING: Unable to find an exact match for CDP version 113, so returning the closest version found: 111
]]></system-err>
  </testcase>
  <testcase name="Verify Shop by Department sidebar" classname="Retail Home Page" time="1.383">
    <system-out><![CDATA[
@Regression @Regression
Scenario: Verify Shop by Department sidebar                    # features/RetailHome.feature:9
 INFO [main] (SignInsteps.java:18)- User is on retail website
  Given User is on retail website                              # tek.capstone.dragons.steps.SignInsteps.userIsOnRetailWebsite()
 INFO [main] (RetailHomeSteps.java:22)- User click on All sections
  When User click on All section                               # tek.capstone.dragons.steps.RetailHomeSteps.userClickOnAllSection()
  Then below options are present in Shop by Department sidebar # tek.capstone.dragons.steps.RetailHomeSteps.belowOptionsArePresentInShopByDepartmentSidebar(io.cucumber.datatable.DataTable)
    | Electronics | Computers | Smart Home | Sports | Automative |
]]></system-out>
    <system-err><![CDATA[Starting ChromeDriver 113.0.5672.63 (0e1a4471d5ae5bf128b1bd8f4d627c8cbd55f70c-refs/branch-heads/5672@{#912}) on port 16100
Only local connections are allowed.
Please see https://chromedriver.chromium.org/security-considerations for suggestions on keeping ChromeDriver safe.
ChromeDriver was started successfully.
May 31, 2023 10:39:45 PM org.openqa.selenium.devtools.CdpVersionFinder findNearestMatch
WARNING: Unable to find an exact match for CDP version 113, so returning the closest version found: 111
]]></system-err>
  </testcase>
  <testcase name="Verify department sidebar options #1" classname="Retail Home Page" time="1.39">
    <system-out><![CDATA[
@Regression @Regression
Scenario Outline: Verify department sidebar options # features/RetailHome.feature:21
 INFO [main] (SignInsteps.java:18)- User is on retail website
  Given User is on retail website                   # tek.capstone.dragons.steps.SignInsteps.userIsOnRetailWebsite()
 INFO [main] (RetailHomeSteps.java:22)- User click on All sections
  When User click on All section                    # tek.capstone.dragons.steps.RetailHomeSteps.userClickOnAllSection()
 INFO [main] (RetailHomeSteps.java:42)- user is on Electronics section
  And User is on 'Electronics'                      # tek.capstone.dragons.steps.RetailHomeSteps.userIsOn(java.lang.String)
  Then below options are present in department      # tek.capstone.dragons.steps.RetailHomeSteps.belowOptionsArePresentInDepartment(io.cucumber.datatable.DataTable)
    | TV & Video | Video Games |
]]></system-out>
    <system-err><![CDATA[Starting ChromeDriver 113.0.5672.63 (0e1a4471d5ae5bf128b1bd8f4d627c8cbd55f70c-refs/branch-heads/5672@{#912}) on port 36493
Only local connections are allowed.
Please see https://chromedriver.chromium.org/security-considerations for suggestions on keeping ChromeDriver safe.
ChromeDriver was started successfully.
May 31, 2023 10:39:47 PM org.openqa.selenium.devtools.CdpVersionFinder findNearestMatch
WARNING: Unable to find an exact match for CDP version 113, so returning the closest version found: 111
]]></system-err>
  </testcase>
  <testcase name="Verify department sidebar options #2" classname="Retail Home Page" time="1.495">
    <system-out><![CDATA[
@Regression @Regression
Scenario Outline: Verify department sidebar options # features/RetailHome.feature:22
 INFO [main] (SignInsteps.java:18)- User is on retail website
  Given User is on retail website                   # tek.capstone.dragons.steps.SignInsteps.userIsOnRetailWebsite()
 INFO [main] (RetailHomeSteps.java:22)- User click on All sections
  When User click on All section                    # tek.capstone.dragons.steps.RetailHomeSteps.userClickOnAllSection()
 INFO [main] (RetailHomeSteps.java:42)- user is on Electronics section
  And User is on 'Electronics'                      # tek.capstone.dragons.steps.RetailHomeSteps.userIsOn(java.lang.String)
  Then below options are present in department      # tek.capstone.dragons.steps.RetailHomeSteps.belowOptionsArePresentInDepartment(io.cucumber.datatable.DataTable)
    | Accessories | Networking |
]]></system-out>
    <system-err><![CDATA[Starting ChromeDriver 113.0.5672.63 (0e1a4471d5ae5bf128b1bd8f4d627c8cbd55f70c-refs/branch-heads/5672@{#912}) on port 46902
Only local connections are allowed.
Please see https://chromedriver.chromium.org/security-considerations for suggestions on keeping ChromeDriver safe.
ChromeDriver was started successfully.
May 31, 2023 10:39:48 PM org.openqa.selenium.devtools.CdpVersionFinder findNearestMatch
WARNING: Unable to find an exact match for CDP version 113, so returning the closest version found: 111
]]></system-err>
  </testcase>
  <testcase name="Verify department sidebar options #3" classname="Retail Home Page" time="1.458">
    <system-out><![CDATA[
@Regression @Regression
Scenario Outline: Verify department sidebar options # features/RetailHome.feature:23
 INFO [main] (SignInsteps.java:18)- User is on retail website
  Given User is on retail website                   # tek.capstone.dragons.steps.SignInsteps.userIsOnRetailWebsite()
 INFO [main] (RetailHomeSteps.java:22)- User click on All sections
  When User click on All section                    # tek.capstone.dragons.steps.RetailHomeSteps.userClickOnAllSection()
 INFO [main] (RetailHomeSteps.java:42)- user is on Electronics section
  And User is on 'Electronics'                      # tek.capstone.dragons.steps.RetailHomeSteps.userIsOn(java.lang.String)
  Then below options are present in department      # tek.capstone.dragons.steps.RetailHomeSteps.belowOptionsArePresentInDepartment(io.cucumber.datatable.DataTable)
    | Smart Home Lightning | Plugs and Outlets |
]]></system-out>
    <system-err><![CDATA[Starting ChromeDriver 113.0.5672.63 (0e1a4471d5ae5bf128b1bd8f4d627c8cbd55f70c-refs/branch-heads/5672@{#912}) on port 36065
Only local connections are allowed.
Please see https://chromedriver.chromium.org/security-considerations for suggestions on keeping ChromeDriver safe.
ChromeDriver was started successfully.
May 31, 2023 10:39:50 PM org.openqa.selenium.devtools.CdpVersionFinder findNearestMatch
WARNING: Unable to find an exact match for CDP version 113, so returning the closest version found: 111
]]></system-err>
  </testcase>
  <testcase name="Verify department sidebar options #4" classname="Retail Home Page" time="1.445">
    <system-out><![CDATA[
@Regression @Regression
Scenario Outline: Verify department sidebar options # features/RetailHome.feature:24
 INFO [main] (SignInsteps.java:18)- User is on retail website
  Given User is on retail website                   # tek.capstone.dragons.steps.SignInsteps.userIsOnRetailWebsite()
 INFO [main] (RetailHomeSteps.java:22)- User click on All sections
  When User click on All section                    # tek.capstone.dragons.steps.RetailHomeSteps.userClickOnAllSection()
 INFO [main] (RetailHomeSteps.java:42)- user is on Electronics section
  And User is on 'Electronics'                      # tek.capstone.dragons.steps.RetailHomeSteps.userIsOn(java.lang.String)
  Then below options are present in department      # tek.capstone.dragons.steps.RetailHomeSteps.belowOptionsArePresentInDepartment(io.cucumber.datatable.DataTable)
    | Athletic Clothing | Exercise & Fitness |
]]></system-out>
    <system-err><![CDATA[Starting ChromeDriver 113.0.5672.63 (0e1a4471d5ae5bf128b1bd8f4d627c8cbd55f70c-refs/branch-heads/5672@{#912}) on port 26262
Only local connections are allowed.
Please see https://chromedriver.chromium.org/security-considerations for suggestions on keeping ChromeDriver safe.
ChromeDriver was started successfully.
May 31, 2023 10:39:51 PM org.openqa.selenium.devtools.CdpVersionFinder findNearestMatch
WARNING: Unable to find an exact match for CDP version 113, so returning the closest version found: 111
]]></system-err>
  </testcase>
  <testcase name="Verify department sidebar options #5" classname="Retail Home Page" time="1.397">
    <system-out><![CDATA[
@Regression @Regression
Scenario Outline: Verify department sidebar options # features/RetailHome.feature:25
 INFO [main] (SignInsteps.java:18)- User is on retail website
  Given User is on retail website                   # tek.capstone.dragons.steps.SignInsteps.userIsOnRetailWebsite()
 INFO [main] (RetailHomeSteps.java:22)- User click on All sections
  When User click on All section                    # tek.capstone.dragons.steps.RetailHomeSteps.userClickOnAllSection()
 INFO [main] (RetailHomeSteps.java:42)- user is on Electronics section
  And User is on 'Electronics'                      # tek.capstone.dragons.steps.RetailHomeSteps.userIsOn(java.lang.String)
  Then below options are present in department      # tek.capstone.dragons.steps.RetailHomeSteps.belowOptionsArePresentInDepartment(io.cucumber.datatable.DataTable)
    | Automative Parts & Accessories | MotorCycle & Powersports |
]]></system-out>
    <system-err><![CDATA[Starting ChromeDriver 113.0.5672.63 (0e1a4471d5ae5bf128b1bd8f4d627c8cbd55f70c-refs/branch-heads/5672@{#912}) on port 41932
Only local connections are allowed.
Please see https://chromedriver.chromium.org/security-considerations for suggestions on keeping ChromeDriver safe.
ChromeDriver was started successfully.
May 31, 2023 10:39:53 PM org.openqa.selenium.devtools.CdpVersionFinder findNearestMatch
WARNING: Unable to find an exact match for CDP version 113, so returning the closest version found: 111
]]></system-err>
  </testcase>
  <testcase name="Verify User can add an item to cart" classname="Retail Order Page" time="10.756">
    <system-out><![CDATA[
@Regression @Regression
Scenario: Verify User can add an item to cart                               # features/RetailOrder.feature:15
 INFO [main] (SignInsteps.java:18)- User is on retail website
  Given User is on retail website                                           # tek.capstone.dragons.steps.SignInsteps.userIsOnRetailWebsite()
 INFO [main] (SignInsteps.java:24)- User clicked on signin button successfully
  When User click on Sign in option                                         # tek.capstone.dragons.steps.SignInsteps.userClickOnSignInOption()
 INFO [main] (SignInsteps.java:74)- User enter email and password successfully
  And User enter email 'newStudentHS@tekschool.us' and password 'Tek@12345' # tek.capstone.dragons.steps.SignInsteps.userEnterEmailAndPassword(java.lang.String,java.lang.String)
 INFO [main] (SignInsteps.java:80)- User click on log in button successfully
  And User click on login button                                            # tek.capstone.dragons.steps.SignInsteps.userClickOnLoginButton()
 INFO [main] (SignInsteps.java:88)- Account: was verified successfully
  And User should be logged in into Account                                 # tek.capstone.dragons.steps.SignInsteps.userShouldBeLoggedInIntoAccount()
 INFO [main] (RetailOrderSteps.java:18)- User click on the category dropdown
  And User click on the category dropdown option                            # tek.capstone.dragons.steps.RetailOrderSteps.userClickOnTheCategoryDropdownOption()
 INFO [main] (RetailOrderSteps.java:134)- User clicked on Orders section
  And User click on Orders section                                          # tek.capstone.dragons.steps.RetailOrderSteps.userClickOnOrdersSection()
 INFO [main] (RetailOrderSteps.java:140)- User clicked on first order in list
  And User click on first order in list                                     # tek.capstone.dragons.steps.RetailOrderSteps.userClickOnFirstOrderInList()
 INFO [main] (RetailOrderSteps.java:23)- User change the category successfully
  And User change the category to 'Smart Home'                              # tek.capstone.dragons.steps.RetailOrderSteps.userChangeTheCategoryTo(java.lang.String)
 INFO [main] (RetailOrderSteps.java:28)- User serach for item successfully
  And User search for an item 'kasa outdoor smart plug'                     # tek.capstone.dragons.steps.RetailOrderSteps.userSearchForAnItem(java.lang.String)
 INFO [main] (RetailOrderSteps.java:35)- User click on search icon successfully
  And User click on Search icon                                             # tek.capstone.dragons.steps.RetailOrderSteps.userClickOnSearchIcon()
 INFO [main] (RetailOrderSteps.java:42)- user on Item successFully
  And User click on item                                                    # tek.capstone.dragons.steps.RetailOrderSteps.userClickOnItem()
 INFO [main] (RetailOrderSteps.java:49)- User select quantity
  And User select quantity â€˜2â€™                                              # tek.capstone.dragons.steps.RetailOrderSteps.userSelectQuantity(java.lang.Integer)
 INFO [main] (RetailOrderSteps.java:54)- User click add to Cart button
  And User click add to Cart button                                         # tek.capstone.dragons.steps.RetailOrderSteps.userClickAddToCartButton()
 INFO [main] (RetailOrderSteps.java:60)- the cart icon quantity changed
  Then the cart icon quantity should change to â€˜2â€™                          # tek.capstone.dragons.steps.RetailOrderSteps.theCartIconQuantityShouldChangeTo(java.lang.Integer)
]]></system-out>
    <system-err><![CDATA[Starting ChromeDriver 113.0.5672.63 (0e1a4471d5ae5bf128b1bd8f4d627c8cbd55f70c-refs/branch-heads/5672@{#912}) on port 26246
Only local connections are allowed.
Please see https://chromedriver.chromium.org/security-considerations for suggestions on keeping ChromeDriver safe.
ChromeDriver was started successfully.
May 31, 2023 10:39:54 PM org.openqa.selenium.devtools.CdpVersionFinder findNearestMatch
WARNING: Unable to find an exact match for CDP version 113, so returning the closest version found: 111
]]></system-err>
  </testcase>
  <testcase name="Verify User can place an order with Shipping address and payment Method on file​​​​​​​" classname="Retail Order Page" time="11.057">
    <system-out><![CDATA[
@Regression @Regression
Scenario: Verify User can place an order with Shipping address and payment Method on fileâ€‹â€‹â€‹â€‹â€‹â€‹â€‹ # features/RetailOrder.feature:25
 INFO [main] (SignInsteps.java:18)- User is on retail website
  Given User is on retail website                                                                # tek.capstone.dragons.steps.SignInsteps.userIsOnRetailWebsite()
 INFO [main] (SignInsteps.java:24)- User clicked on signin button successfully
  When User click on Sign in option                                                              # tek.capstone.dragons.steps.SignInsteps.userClickOnSignInOption()
 INFO [main] (SignInsteps.java:74)- User enter email and password successfully
  And User enter email 'newStudentHS@tekschool.us' and password 'Tek@12345'                      # tek.capstone.dragons.steps.SignInsteps.userEnterEmailAndPassword(java.lang.String,java.lang.String)
 INFO [main] (SignInsteps.java:80)- User click on log in button successfully
  And User click on login button                                                                 # tek.capstone.dragons.steps.SignInsteps.userClickOnLoginButton()
 INFO [main] (SignInsteps.java:88)- Account: was verified successfully
  And User should be logged in into Account                                                      # tek.capstone.dragons.steps.SignInsteps.userShouldBeLoggedInIntoAccount()
 INFO [main] (RetailOrderSteps.java:18)- User click on the category dropdown
  And User click on the category dropdown option                                                 # tek.capstone.dragons.steps.RetailOrderSteps.userClickOnTheCategoryDropdownOption()
 INFO [main] (RetailOrderSteps.java:134)- User clicked on Orders section
  And User click on Orders section                                                               # tek.capstone.dragons.steps.RetailOrderSteps.userClickOnOrdersSection()
 INFO [main] (RetailOrderSteps.java:140)- User clicked on first order in list
  And User click on first order in list                                                          # tek.capstone.dragons.steps.RetailOrderSteps.userClickOnFirstOrderInList()
 INFO [main] (RetailOrderSteps.java:68)- User change the category successfully
  And User change the category to the 'Electronics'                                              # tek.capstone.dragons.steps.RetailOrderSteps.userChangeTheCategoryToThe(java.lang.String)
 INFO [main] (RetailOrderSteps.java:73)- User serach for item successfully
  And User search for the item 'Apex Legends'                                                    # tek.capstone.dragons.steps.RetailOrderSteps.userSearchForTheItem(java.lang.String)
 INFO [main] (RetailOrderSteps.java:78)- User click on search icon successfully
  And User click on the Search icon                                                              # tek.capstone.dragons.steps.RetailOrderSteps.userClickOnTheSearchIcon()
 INFO [main] (RetailOrderSteps.java:84)- User click on item successfully
  And User click on the item                                                                     # tek.capstone.dragons.steps.RetailOrderSteps.userClickOnTheItem()
 INFO [main] (RetailOrderSteps.java:91)- User select quantity
  And User select the quantity â€˜5â€™                                                               # tek.capstone.dragons.steps.RetailOrderSteps.userSelectTheQuantity(java.lang.Integer)
 INFO [main] (RetailOrderSteps.java:96)- User click add to Cart button
  And User click add item to Cart button                                                         # tek.capstone.dragons.steps.RetailOrderSteps.userClickAddItemToCartButton()
 INFO [main] (RetailOrderSteps.java:102)- the cart icon quantity changed
  Then cart icon quantity should change to â€˜5â€™                                                   # tek.capstone.dragons.steps.RetailOrderSteps.cartIconQuantityShouldChangeTo(java.lang.Integer)
 INFO [main] (RetailOrderSteps.java:108)- User click on cart option
  And User click on Cart option                                                                  # tek.capstone.dragons.steps.RetailOrderSteps.userClickOnCartOption()
 INFO [main] (RetailOrderSteps.java:113)- User click on Proceed to Checkout button
  And User click on Proceed to Checkout button                                                   # tek.capstone.dragons.steps.RetailOrderSteps.userClickOnProceedToCheckoutButton()
 INFO [main] (RetailOrderSteps.java:119)- User clicked on Place Your Order button
  And User click on Place Your Order                                                             # tek.capstone.dragons.steps.RetailOrderSteps.userClickOnPlaceYourOrder()
 INFO [main] (RetailOrderSteps.java:126)- Order Placed Successfully
  Then a message should be displayed â€˜Order Placed, Thanksâ€™                                      # tek.capstone.dragons.steps.RetailOrderSteps.aMessageShouldBeDisplayedOrderPlacedThanks()
]]></system-out>
    <system-err><![CDATA[Starting ChromeDriver 113.0.5672.63 (0e1a4471d5ae5bf128b1bd8f4d627c8cbd55f70c-refs/branch-heads/5672@{#912}) on port 21752
Only local connections are allowed.
Please see https://chromedriver.chromium.org/security-considerations for suggestions on keeping ChromeDriver safe.
ChromeDriver was started successfully.
May 31, 2023 10:40:05 PM org.openqa.selenium.devtools.CdpVersionFinder findNearestMatch
WARNING: Unable to find an exact match for CDP version 113, so returning the closest version found: 111
]]></system-err>
  </testcase>
  <testcase name="Verify User can cancel the order" classname="Retail Order Page" time="7.577">
    <system-out><![CDATA[
@Regression @Regression
Scenario: Verify User can cancel the order                                       # features/RetailOrder.feature:39
 INFO [main] (SignInsteps.java:18)- User is on retail website
  Given User is on retail website                                                # tek.capstone.dragons.steps.SignInsteps.userIsOnRetailWebsite()
 INFO [main] (SignInsteps.java:24)- User clicked on signin button successfully
  When User click on Sign in option                                              # tek.capstone.dragons.steps.SignInsteps.userClickOnSignInOption()
 INFO [main] (SignInsteps.java:74)- User enter email and password successfully
  And User enter email 'newStudentHS@tekschool.us' and password 'Tek@12345'      # tek.capstone.dragons.steps.SignInsteps.userEnterEmailAndPassword(java.lang.String,java.lang.String)
 INFO [main] (SignInsteps.java:80)- User click on log in button successfully
  And User click on login button                                                 # tek.capstone.dragons.steps.SignInsteps.userClickOnLoginButton()
 INFO [main] (SignInsteps.java:88)- Account: was verified successfully
  And User should be logged in into Account                                      # tek.capstone.dragons.steps.SignInsteps.userShouldBeLoggedInIntoAccount()
 INFO [main] (RetailOrderSteps.java:18)- User click on the category dropdown
  And User click on the category dropdown option                                 # tek.capstone.dragons.steps.RetailOrderSteps.userClickOnTheCategoryDropdownOption()
 INFO [main] (RetailOrderSteps.java:134)- User clicked on Orders section
  And User click on Orders section                                               # tek.capstone.dragons.steps.RetailOrderSteps.userClickOnOrdersSection()
 INFO [main] (RetailOrderSteps.java:140)- User clicked on first order in list
  And User click on first order in list                                          # tek.capstone.dragons.steps.RetailOrderSteps.userClickOnFirstOrderInList()
 INFO [main] (RetailOrderSteps.java:147)- User clicked on Cancel The Order button
  And User click on Cancel The Order button                                      # tek.capstone.dragons.steps.RetailOrderSteps.userClickOnCancelTheOrderButton()
 INFO [main] (RetailOrderSteps.java:153)- User selected the cancellation reason 'Bought wrong item'
  And User select the cancelation Reason 'Bought wrong item'                     # tek.capstone.dragons.steps.RetailOrderSteps.userSelectTheCancelationReason(java.lang.String)
 INFO [main] (RetailOrderSteps.java:160)- User clicked on Cancel Order button
  And User click on Cancel Order button                                          # tek.capstone.dragons.steps.RetailOrderSteps.userClickOnCancelOrderButton()
 INFO [main] (RetailOrderSteps.java:168)- Cancellation message displayed correctly
  Then a cancelation message should be displayed â€˜Your Order Has Been Cancelledâ€™ # tek.capstone.dragons.steps.RetailOrderSteps.aCancelationMessageShouldBeDisplayedYourOrderHasBeenCancelled()
]]></system-out>
    <system-err><![CDATA[Starting ChromeDriver 113.0.5672.63 (0e1a4471d5ae5bf128b1bd8f4d627c8cbd55f70c-refs/branch-heads/5672@{#912}) on port 39232
Only local connections are allowed.
Please see https://chromedriver.chromium.org/security-considerations for suggestions on keeping ChromeDriver safe.
ChromeDriver was started successfully.
May 31, 2023 10:40:16 PM org.openqa.selenium.devtools.CdpVersionFinder findNearestMatch
WARNING: Unable to find an exact match for CDP version 113, so returning the closest version found: 111
]]></system-err>
  </testcase>
  <testcase name="Verify User can Return the order" classname="Retail Order Page" time="50.534">
    <error message="Expected condition failed: waiting for visibility of Proxy element for: DefaultElementLocator &apos;By.xpath: //p[text()=&apos;Return was successfull&apos;]&apos; (tried for 20 second(s) with 500 milliseconds interval)" type="org.openqa.selenium.TimeoutException"><![CDATA[org.openqa.selenium.TimeoutException: Expected condition failed: waiting for visibility of Proxy element for: DefaultElementLocator 'By.xpath: //p[text()='Return was successfull']' (tried for 20 second(s) with 500 milliseconds interval)
	at org.openqa.selenium.support.ui.WebDriverWait.timeoutException(WebDriverWait.java:87)
	at org.openqa.selenium.support.ui.FluentWait.until(FluentWait.java:231)
	at tek.capstone.dragons.utilities.CommonUtility.waitTillPresence(CommonUtility.java:39)
	at tek.capstone.dragons.steps.RetailOrderSteps.aCancelationMessageShouldBeDisplayedReturnWasSuccessful(RetailOrderSteps.java:203)
	at ✽.a cancelation message should be displayed ‘Return was successful’(classpath:features/RetailOrder.feature:52)
Caused by: org.openqa.selenium.NoSuchElementException: no such element: Unable to locate element: {"method":"xpath","selector":"//p[text()='Return was successfull']"}
  (Session info: headless chrome=113.0.5672.127)
For documentation on this error, please visit: https://selenium.dev/exceptions/#no_such_element
Build info: version: '4.8.3', revision: 'e5e76298c3'
System info: os.name: 'Windows 10', os.arch: 'amd64', os.version: '10.0', java.version: '11.0.16.1'
Driver info: org.openqa.selenium.chrome.ChromeDriver
Command: [75b6461da91ca52af908a0f80945ce05, findElement {using=xpath, value=//p[text()='Return was successfull']}]
Capabilities {acceptInsecureCerts: false, browserName: chrome, browserVersion: 113.0.5672.127, chrome: {chromedriverVersion: 113.0.5672.63 (0e1a4471d5ae..., userDataDir: C:\Users\husni\AppData\Loca...}, goog:chromeOptions: {debuggerAddress: localhost:57983}, networkConnectionEnabled: false, pageLoadStrategy: normal, platformName: WINDOWS, proxy: Proxy(), se:cdp: ws://localhost:57983/devtoo..., se:cdpVersion: 113.0.5672.127, setWindowRect: true, strictFileInteractability: false, timeouts: {implicit: 0, pageLoad: 300000, script: 30000}, unhandledPromptBehavior: dismiss and notify, webauthn:extension:credBlob: true, webauthn:extension:largeBlob: true, webauthn:extension:minPinLength: true, webauthn:extension:prf: true, webauthn:virtualAuthenticators: true}
Session ID: 75b6461da91ca52af908a0f80945ce05
	at java.base/jdk.internal.reflect.NativeConstructorAccessorImpl.newInstance0(Native Method)
	at java.base/jdk.internal.reflect.NativeConstructorAccessorImpl.newInstance(NativeConstructorAccessorImpl.java:62)
	at java.base/jdk.internal.reflect.DelegatingConstructorAccessorImpl.newInstance(DelegatingConstructorAccessorImpl.java:45)
	at java.base/java.lang.reflect.Constructor.newInstance(Constructor.java:490)
	at org.openqa.selenium.remote.codec.w3c.W3CHttpResponseCodec.createException(W3CHttpResponseCodec.java:200)
	at org.openqa.selenium.remote.codec.w3c.W3CHttpResponseCodec.decode(W3CHttpResponseCodec.java:133)
	at org.openqa.selenium.remote.codec.w3c.W3CHttpResponseCodec.decode(W3CHttpResponseCodec.java:53)
	at org.openqa.selenium.remote.HttpCommandExecutor.execute(HttpCommandExecutor.java:193)
	at org.openqa.selenium.remote.service.DriverCommandExecutor.invokeExecute(DriverCommandExecutor.java:183)
	at org.openqa.selenium.remote.service.DriverCommandExecutor.execute(DriverCommandExecutor.java:158)
	at org.openqa.selenium.remote.RemoteWebDriver.execute(RemoteWebDriver.java:543)
	at org.openqa.selenium.remote.ElementLocation$ElementFinder$2.findElement(ElementLocation.java:162)
	at org.openqa.selenium.remote.ElementLocation.findElement(ElementLocation.java:60)
	at org.openqa.selenium.remote.RemoteWebDriver.findElement(RemoteWebDriver.java:352)
	at org.openqa.selenium.remote.RemoteWebDriver.findElement(RemoteWebDriver.java:344)
	at org.openqa.selenium.support.pagefactory.DefaultElementLocator.findElement(DefaultElementLocator.java:70)
	at org.openqa.selenium.support.pagefactory.internal.LocatingElementHandler.invoke(LocatingElementHandler.java:39)
	at com.sun.proxy.$Proxy24.isDisplayed(Unknown Source)
	at org.openqa.selenium.support.ui.ExpectedConditions.elementIfVisible(ExpectedConditions.java:307)
	at org.openqa.selenium.support.ui.ExpectedConditions.access$000(ExpectedConditions.java:40)
	at org.openqa.selenium.support.ui.ExpectedConditions$10.apply(ExpectedConditions.java:293)
	at org.openqa.selenium.support.ui.ExpectedConditions$10.apply(ExpectedConditions.java:290)
	at org.openqa.selenium.support.ui.FluentWait.until(FluentWait.java:208)
	at tek.capstone.dragons.utilities.CommonUtility.waitTillPresence(CommonUtility.java:39)
	at tek.capstone.dragons.steps.RetailOrderSteps.aCancelationMessageShouldBeDisplayedReturnWasSuccessful(RetailOrderSteps.java:203)
	at java.base/jdk.internal.reflect.NativeMethodAccessorImpl.invoke0(Native Method)
	at java.base/jdk.internal.reflect.NativeMethodAccessorImpl.invoke(NativeMethodAccessorImpl.java:62)
	at java.base/jdk.internal.reflect.DelegatingMethodAccessorImpl.invoke(DelegatingMethodAccessorImpl.java:43)
	at java.base/java.lang.reflect.Method.invoke(Method.java:566)
	at io.cucumber.java.Invoker.doInvoke(Invoker.java:66)
	at io.cucumber.java.Invoker.invoke(Invoker.java:24)
	at io.cucumber.java.AbstractGlueDefinition.invokeMethod(AbstractGlueDefinition.java:47)
	at io.cucumber.java.JavaStepDefinition.execute(JavaStepDefinition.java:29)
	at io.cucumber.core.runner.CoreStepDefinition.execute(CoreStepDefinition.java:66)
	at io.cucumber.core.runner.PickleStepDefinitionMatch.runStep(PickleStepDefinitionMatch.java:63)
	at io.cucumber.core.runner.ExecutionMode$1.execute(ExecutionMode.java:10)
	at io.cucumber.core.runner.TestStep.executeStep(TestStep.java:85)
	at io.cucumber.core.runner.TestStep.run(TestStep.java:57)
	at io.cucumber.core.runner.PickleStepTestStep.run(PickleStepTestStep.java:51)
	at io.cucumber.core.runner.TestCase.run(TestCase.java:84)
	at io.cucumber.core.runner.Runner.runPickle(Runner.java:75)
	at io.cucumber.junit.PickleRunners$NoStepDescriptions.lambda$run$0(PickleRunners.java:151)
	at io.cucumber.core.runtime.CucumberExecutionContext.lambda$runTestCase$5(CucumberExecutionContext.java:129)
	at io.cucumber.core.runtime.RethrowingThrowableCollector.executeAndThrow(RethrowingThrowableCollector.java:23)
	at io.cucumber.core.runtime.CucumberExecutionContext.runTestCase(CucumberExecutionContext.java:129)
	at io.cucumber.junit.PickleRunners$NoStepDescriptions.run(PickleRunners.java:148)
	at io.cucumber.junit.FeatureRunner.runChild(FeatureRunner.java:144)
	at io.cucumber.junit.FeatureRunner.runChild(FeatureRunner.java:28)
	at org.junit.runners.ParentRunner$4.run(ParentRunner.java:331)
	at org.junit.runners.ParentRunner$1.schedule(ParentRunner.java:79)
	at org.junit.runners.ParentRunner.runChildren(ParentRunner.java:329)
	at org.junit.runners.ParentRunner.access$100(ParentRunner.java:66)
	at org.junit.runners.ParentRunner$2.evaluate(ParentRunner.java:293)
	at org.junit.runners.ParentRunner$3.evaluate(ParentRunner.java:306)
	at org.junit.runners.ParentRunner.run(ParentRunner.java:413)
	at io.cucumber.junit.FeatureRunner.run(FeatureRunner.java:137)
	at io.cucumber.junit.Cucumber.runChild(Cucumber.java:196)
	at io.cucumber.junit.Cucumber.runChild(Cucumber.java:89)
	at org.junit.runners.ParentRunner$4.run(ParentRunner.java:331)
	at org.junit.runners.ParentRunner$1.schedule(ParentRunner.java:79)
	at org.junit.runners.ParentRunner.runChildren(ParentRunner.java:329)
	at org.junit.runners.ParentRunner.access$100(ParentRunner.java:66)
	at org.junit.runners.ParentRunner$2.evaluate(ParentRunner.java:293)
	at io.cucumber.junit.Cucumber$RunBeforeAllHooks.evaluate(Cucumber.java:266)
	at io.cucumber.junit.Cucumber$RunAfterAllHooks.evaluate(Cucumber.java:281)
	at io.cucumber.junit.Cucumber$StartTestRun.evaluate(Cucumber.java:233)
	at io.cucumber.junit.Cucumber$FinishTestRun.evaluate(Cucumber.java:248)
	at org.junit.runners.ParentRunner$3.evaluate(ParentRunner.java:306)
	at org.junit.runners.ParentRunner.run(ParentRunner.java:413)
	at org.apache.maven.surefire.junit4.JUnit4Provider.execute(JUnit4Provider.java:377)
	at org.apache.maven.surefire.junit4.JUnit4Provider.executeWithRerun(JUnit4Provider.java:284)
	at org.apache.maven.surefire.junit4.JUnit4Provider.executeTestSet(JUnit4Provider.java:248)
	at org.apache.maven.surefire.junit4.JUnit4Provider.invoke(JUnit4Provider.java:167)
	at org.apache.maven.surefire.booter.ForkedBooter.runSuitesInProcess(ForkedBooter.java:456)
	at org.apache.maven.surefire.booter.ForkedBooter.execute(ForkedBooter.java:169)
	at org.apache.maven.surefire.booter.ForkedBooter.run(ForkedBooter.java:595)
	at org.apache.maven.surefire.booter.ForkedBooter.main(ForkedBooter.java:581)
]]></error>
    <system-out><![CDATA[
@Regression @Regression
Scenario: Verify User can Return the order                                  # features/RetailOrder.feature:46
 INFO [main] (SignInsteps.java:18)- User is on retail website
  Given User is on retail website                                           # tek.capstone.dragons.steps.SignInsteps.userIsOnRetailWebsite()
 INFO [main] (SignInsteps.java:24)- User clicked on signin button successfully
  When User click on Sign in option                                         # tek.capstone.dragons.steps.SignInsteps.userClickOnSignInOption()
 INFO [main] (SignInsteps.java:74)- User enter email and password successfully
  And User enter email 'newStudentHS@tekschool.us' and password 'Tek@12345' # tek.capstone.dragons.steps.SignInsteps.userEnterEmailAndPassword(java.lang.String,java.lang.String)
 INFO [main] (SignInsteps.java:80)- User click on log in button successfully
  And User click on login button                                            # tek.capstone.dragons.steps.SignInsteps.userClickOnLoginButton()
 INFO [main] (SignInsteps.java:88)- Account: was verified successfully
  And User should be logged in into Account                                 # tek.capstone.dragons.steps.SignInsteps.userShouldBeLoggedInIntoAccount()
 INFO [main] (RetailOrderSteps.java:18)- User click on the category dropdown
  And User click on the category dropdown option                            # tek.capstone.dragons.steps.RetailOrderSteps.userClickOnTheCategoryDropdownOption()
 INFO [main] (RetailOrderSteps.java:134)- User clicked on Orders section
  And User click on Orders section                                          # tek.capstone.dragons.steps.RetailOrderSteps.userClickOnOrdersSection()
 INFO [main] (RetailOrderSteps.java:140)- User clicked on first order in list
  And User click on first order in list                                     # tek.capstone.dragons.steps.RetailOrderSteps.userClickOnFirstOrderInList()
 INFO [main] (RetailOrderSteps.java:175)- User click on first order in the list
  And User click on first order in the list                                 # tek.capstone.dragons.steps.RetailOrderSteps.userClickOnFirstOrderInTheList()
 INFO [main] (RetailOrderSteps.java:182)- User click on Return Items button
[...]
	at io.cucumber.junit.PickleRunners$NoStepDescriptions.lambda$run$0(PickleRunners.java:151)
	at io.cucumber.core.runtime.CucumberExecutionContext.lambda$runTestCase$5(CucumberExecutionContext.java:129)
	at io.cucumber.core.runtime.RethrowingThrowableCollector.executeAndThrow(RethrowingThrowableCollector.java:23)
	at io.cucumber.core.runtime.CucumberExecutionContext.runTestCase(CucumberExecutionContext.java:129)
	at io.cucumber.junit.PickleRunners$NoStepDescriptions.run(PickleRunners.java:148)
	at io.cucumber.junit.FeatureRunner.runChild(FeatureRunner.java:144)
	at io.cucumber.junit.FeatureRunner.runChild(FeatureRunner.java:28)
	at org.junit.runners.ParentRunner$4.run(ParentRunner.java:331)
	at org.junit.runners.ParentRunner$1.schedule(ParentRunner.java:79)
	at org.junit.runners.ParentRunner.runChildren(ParentRunner.java:329)
	at org.junit.runners.ParentRunner.access$100(ParentRunner.java:66)
	at org.junit.runners.ParentRunner$2.evaluate(ParentRunner.java:293)
	at org.junit.runners.ParentRunner$3.evaluate(ParentRunner.java:306)
	at org.junit.runners.ParentRunner.run(ParentRunner.java:413)
	at io.cucumber.junit.FeatureRunner.run(FeatureRunner.java:137)
	at io.cucumber.junit.Cucumber.runChild(Cucumber.java:196)
	at io.cucumber.junit.Cucumber.runChild(Cucumber.java:89)
	at org.junit.runners.ParentRunner$4.run(ParentRunner.java:331)
	at org.junit.runners.ParentRunner$1.schedule(ParentRunner.java:79)
	at org.junit.runners.ParentRunner.runChildren(ParentRunner.java:329)
	at org.junit.runners.ParentRunner.access$100(ParentRunner.java:66)
	at org.junit.runners.ParentRunner$2.evaluate(ParentRunner.java:293)
	at io.cucumber.junit.Cucumber$RunBeforeAllHooks.evaluate(Cucumber.java:266)
	at io.cucumber.junit.Cucumber$RunAfterAllHooks.evaluate(Cucumber.java:281)
	at io.cucumber.junit.Cucumber$StartTestRun.evaluate(Cucumber.java:233)
	at io.cucumber.junit.Cucumber$FinishTestRun.evaluate(Cucumber.java:248)
	at org.junit.runners.ParentRunner$3.evaluate(ParentRunner.java:306)
	at org.junit.runners.ParentRunner.run(ParentRunner.java:413)
	at org.apache.maven.surefire.junit4.JUnit4Provider.execute(JUnit4Provider.java:377)
	at org.apache.maven.surefire.junit4.JUnit4Provider.executeWithRerun(JUnit4Provider.java:284)
	at org.apache.maven.surefire.junit4.JUnit4Provider.executeTestSet(JUnit4Provider.java:248)
	at org.apache.maven.surefire.junit4.JUnit4Provider.invoke(JUnit4Provider.java:167)
	at org.apache.maven.surefire.booter.ForkedBooter.runSuitesInProcess(ForkedBooter.java:456)
	at org.apache.maven.surefire.booter.ForkedBooter.execute(ForkedBooter.java:169)
	at org.apache.maven.surefire.booter.ForkedBooter.run(ForkedBooter.java:595)
	at org.apache.maven.surefire.booter.ForkedBooter.main(ForkedBooter.java:581)


    Embedding Verify User can Return the orderscenario failed [img/png 49729 bytes]

]]></system-out>
    <system-err><![CDATA[Starting ChromeDriver 113.0.5672.63 (0e1a4471d5ae5bf128b1bd8f4d627c8cbd55f70c-refs/branch-heads/5672@{#912}) on port 2559
Only local connections are allowed.
Please see https://chromedriver.chromium.org/security-considerations for suggestions on keeping ChromeDriver safe.
ChromeDriver was started successfully.
May 31, 2023 10:40:23 PM org.openqa.selenium.devtools.CdpVersionFinder findNearestMatch
WARNING: Unable to find an exact match for CDP version 113, so returning the closest version found: 111
]]></system-err>
  </testcase>
  <testcase name="Verify User can write a review on order placed" classname="Retail Order Page" time="8.13">
    <system-out><![CDATA[
@Regression @Regression
Scenario: Verify User can write a review on order placed                         # features/RetailOrder.feature:55
 INFO [main] (SignInsteps.java:18)- User is on retail website
  Given User is on retail website                                                # tek.capstone.dragons.steps.SignInsteps.userIsOnRetailWebsite()
 INFO [main] (SignInsteps.java:24)- User clicked on signin button successfully
  When User click on Sign in option                                              # tek.capstone.dragons.steps.SignInsteps.userClickOnSignInOption()
 INFO [main] (SignInsteps.java:74)- User enter email and password successfully
  And User enter email 'newStudentHS@tekschool.us' and password 'Tek@12345'      # tek.capstone.dragons.steps.SignInsteps.userEnterEmailAndPassword(java.lang.String,java.lang.String)
 INFO [main] (SignInsteps.java:80)- User click on log in button successfully
  And User click on login button                                                 # tek.capstone.dragons.steps.SignInsteps.userClickOnLoginButton()
 INFO [main] (SignInsteps.java:88)- Account: was verified successfully
  And User should be logged in into Account                                      # tek.capstone.dragons.steps.SignInsteps.userShouldBeLoggedInIntoAccount()
 INFO [main] (RetailOrderSteps.java:18)- User click on the category dropdown
  And User click on the category dropdown option                                 # tek.capstone.dragons.steps.RetailOrderSteps.userClickOnTheCategoryDropdownOption()
 INFO [main] (RetailOrderSteps.java:134)- User clicked on Orders section
  And User click on Orders section                                               # tek.capstone.dragons.steps.RetailOrderSteps.userClickOnOrdersSection()
 INFO [main] (RetailOrderSteps.java:140)- User clicked on first order in list
  And User click on first order in list                                          # tek.capstone.dragons.steps.RetailOrderSteps.userClickOnFirstOrderInList()
 INFO [main] (RetailOrderSteps.java:140)- User clicked on first order in list
  And User click on first order in list                                          # tek.capstone.dragons.steps.RetailOrderSteps.userClickOnFirstOrderInList()
 INFO [main] (RetailOrderSteps.java:213)- User click on Review button
  And User click on Review button                                                # tek.capstone.dragons.steps.RetailOrderSteps.userClickOnReviewButton()
 INFO [main] (RetailOrderSteps.java:220)- User writes review headline and text
  And User write Review headline 'Product' and 'Bad quality'                     # tek.capstone.dragons.steps.RetailOrderSteps.userWriteReviewHeadlineAnd(java.lang.String,java.lang.String)
 INFO [main] (RetailOrderSteps.java:226)- User click Add your Review button
  And User click Add your Review button                                          # tek.capstone.dragons.steps.RetailOrderSteps.userClickAddYourReviewButton()
 INFO [main] (RetailOrderSteps.java:232)- review was added successfully
  Then a review message should be displayed â€˜Your review was added successfullyâ€™ # tek.capstone.dragons.steps.RetailOrderSteps.aReviewMessageShouldBeDisplayedYourReviewWasAddedSuccessfully()
]]></system-out>
    <system-err><![CDATA[Starting ChromeDriver 113.0.5672.63 (0e1a4471d5ae5bf128b1bd8f4d627c8cbd55f70c-refs/branch-heads/5672@{#912}) on port 8383
Only local connections are allowed.
Please see https://chromedriver.chromium.org/security-considerations for suggestions on keeping ChromeDriver safe.
ChromeDriver was started successfully.
May 31, 2023 10:41:14 PM org.openqa.selenium.devtools.CdpVersionFinder findNearestMatch
WARNING: Unable to find an exact match for CDP version 113, so returning the closest version found: 111
]]></system-err>
  </testcase>
  <testcase name="Verify user can create an account into Retail Website" classname="Sign in Feature" time="27.007">
    <error message="no such element: Unable to locate element: {&quot;method&quot;:&quot;xpath&quot;,&quot;selector&quot;:&quot;//div[@class=&apos;account__personal&apos;]//h1&quot;}&#10;  (Session info: headless chrome=113.0.5672.127)&#10;For documentation on this error, please visit: https://selenium.dev/exceptions/#no_such_element&#10;Build info: version: &apos;4.8.3&apos;, revision: &apos;e5e76298c3&apos;&#10;System info: os.name: &apos;Windows 10&apos;, os.arch: &apos;amd64&apos;, os.version: &apos;10.0&apos;, java.version: &apos;11.0.16.1&apos;&#10;Driver info: org.openqa.selenium.chrome.ChromeDriver&#10;Command: [a7e2ee03ab6f3a3c0752afe5996a4b42, findElement {using=xpath, value=//div[@class=&apos;account__personal&apos;]//h1}]&#10;Capabilities {acceptInsecureCerts: false, browserName: chrome, browserVersion: 113.0.5672.127, chrome: {chromedriverVersion: 113.0.5672.63 (0e1a4471d5ae..., userDataDir: C:\Users\husni\AppData\Loca...}, goog:chromeOptions: {debuggerAddress: localhost:58038}, networkConnectionEnabled: false, pageLoadStrategy: normal, platformName: WINDOWS, proxy: Proxy(), se:cdp: ws://localhost:58038/devtoo..., se:cdpVersion: 113.0.5672.127, setWindowRect: true, strictFileInteractability: false, timeouts: {implicit: 0, pageLoad: 300000, script: 30000}, unhandledPromptBehavior: dismiss and notify, webauthn:extension:credBlob: true, webauthn:extension:largeBlob: true, webauthn:extension:minPinLength: true, webauthn:extension:prf: true, webauthn:virtualAuthenticators: true}&#10;Session ID: a7e2ee03ab6f3a3c0752afe5996a4b42" type="org.openqa.selenium.NoSuchElementException"><![CDATA[org.openqa.selenium.NoSuchElementException: 
no such element: Unable to locate element: {"method":"xpath","selector":"//div[@class='account__personal']//h1"}
  (Session info: headless chrome=113.0.5672.127)
For documentation on this error, please visit: https://selenium.dev/exceptions/#no_such_element
Build info: version: '4.8.3', revision: 'e5e76298c3'
System info: os.name: 'Windows 10', os.arch: 'amd64', os.version: '10.0', java.version: '11.0.16.1'
Driver info: org.openqa.selenium.chrome.ChromeDriver
Command: [a7e2ee03ab6f3a3c0752afe5996a4b42, findElement {using=xpath, value=//div[@class='account__personal']//h1}]
Capabilities {acceptInsecureCerts: false, browserName: chrome, browserVersion: 113.0.5672.127, chrome: {chromedriverVersion: 113.0.5672.63 (0e1a4471d5ae..., userDataDir: C:\Users\husni\AppData\Loca...}, goog:chromeOptions: {debuggerAddress: localhost:58038}, networkConnectionEnabled: false, pageLoadStrategy: normal, platformName: WINDOWS, proxy: Proxy(), se:cdp: ws://localhost:58038/devtoo..., se:cdpVersion: 113.0.5672.127, setWindowRect: true, strictFileInteractability: false, timeouts: {implicit: 0, pageLoad: 300000, script: 30000}, unhandledPromptBehavior: dismiss and notify, webauthn:extension:credBlob: true, webauthn:extension:largeBlob: true, webauthn:extension:minPinLength: true, webauthn:extension:prf: true, webauthn:virtualAuthenticators: true}
Session ID: a7e2ee03ab6f3a3c0752afe5996a4b42
	at java.base/jdk.internal.reflect.NativeConstructorAccessorImpl.newInstance0(Native Method)
	at java.base/jdk.internal.reflect.NativeConstructorAccessorImpl.newInstance(NativeConstructorAccessorImpl.java:62)
	at java.base/jdk.internal.reflect.DelegatingConstructorAccessorImpl.newInstance(DelegatingConstructorAccessorImpl.java:45)
	at java.base/java.lang.reflect.Constructor.newInstance(Constructor.java:490)
	at org.openqa.selenium.remote.codec.w3c.W3CHttpResponseCodec.createException(W3CHttpResponseCodec.java:200)
	at org.openqa.selenium.remote.codec.w3c.W3CHttpResponseCodec.decode(W3CHttpResponseCodec.java:133)
	at org.openqa.selenium.remote.codec.w3c.W3CHttpResponseCodec.decode(W3CHttpResponseCodec.java:53)
	at org.openqa.selenium.remote.HttpCommandExecutor.execute(HttpCommandExecutor.java:193)
	at org.openqa.selenium.remote.service.DriverCommandExecutor.invokeExecute(DriverCommandExecutor.java:183)
	at org.openqa.selenium.remote.service.DriverCommandExecutor.execute(DriverCommandExecutor.java:158)
	at org.openqa.selenium.remote.RemoteWebDriver.execute(RemoteWebDriver.java:543)
	at org.openqa.selenium.remote.ElementLocation$ElementFinder$2.findElement(ElementLocation.java:162)
	at org.openqa.selenium.remote.ElementLocation.findElement(ElementLocation.java:60)
	at org.openqa.selenium.remote.RemoteWebDriver.findElement(RemoteWebDriver.java:352)
	at org.openqa.selenium.remote.RemoteWebDriver.findElement(RemoteWebDriver.java:344)
	at org.openqa.selenium.support.pagefactory.DefaultElementLocator.findElement(DefaultElementLocator.java:70)
	at org.openqa.selenium.support.pagefactory.internal.LocatingElementHandler.invoke(LocatingElementHandler.java:39)
	at com.sun.proxy.$Proxy24.getText(Unknown Source)
	at tek.capstone.dragons.steps.SignInsteps.userShouldBeLoggedIntoAccountPage(SignInsteps.java:64)
	at ✽.User should be logged into account page(classpath:features/SignIn.feature:13)
]]></error>
    <system-out><![CDATA[
@Regression @Regression
Scenario: Verify user can create an account into Retail Website # features/SignIn.feature:5
 INFO [main] (SignInsteps.java:18)- User is on retail website
  Given User is on retail website                               # tek.capstone.dragons.steps.SignInsteps.userIsOnRetailWebsite()
 INFO [main] (SignInsteps.java:24)- User clicked on signin button successfully
  When User click on Sign in option                             # tek.capstone.dragons.steps.SignInsteps.userClickOnSignInOption()
 INFO [main] (SignInsteps.java:30)- User click on new account button successfuly
  And User click on Create New Account button                   # tek.capstone.dragons.steps.SignInsteps.userClickOnCreateNewAccountButton()
 INFO [main] (SignInsteps.java:51)- User enterd the information successfully 
  And User fill the signUp information with below data          # tek.capstone.dragons.steps.SignInsteps.userFillTheSignUpInformationWithBelowData(io.cucumber.datatable.DataTable)
    | name     | email                     | password  | confirmPassword |
    | studentH | newStudentHp@tekschool.us | Tek@12345 | Tek@12345       |
 INFO [main] (SignInsteps.java:57)- User click on sign Up button successfully
  And User click on SignUp button                               # tek.capstone.dragons.steps.SignInsteps.userClickOnSignUpButton()
  Then User should be logged into account page                  # tek.capstone.dragons.steps.SignInsteps.userShouldBeLoggedIntoAccountPage()
      org.openqa.selenium.NoSuchElementException: no such element: Unable to locate element: {"method":"xpath","selector":"//div[@class='account__personal']//h1"}
  (Session info: headless chrome=113.0.5672.127)
For documentation on this error, please visit: https://selenium.dev/exceptions/#no_such_element
Build info: version: '4.8.3', revision: 'e5e76298c3'
System info: os.name: 'Windows 10', os.arch: 'amd64', os.version: '10.0', java.version: '11.0.16.1'
Driver info: org.openqa.selenium.chrome.ChromeDriver
Command: [a7e2ee03ab6f3a3c0752afe5996a4b42, findElement {using=xpath, value=//div[@class='account__personal']//h1}]
Capabilities {acceptInsecureCerts: false, browserName: chrome, browserVersion: 113.0.5672.127, chrome: {chromedriverVersion: 113.0.5672.63 (0e1a4471d5ae..., userDataDir: C:\Users\husni\AppData\Loca...}, goog:chromeOptions: {debuggerAddress: localhost:58038}, networkConnectionEnabled: false, pageLoadStrategy: normal, platformName: WINDOWS, proxy: Proxy(), se:cdp: ws://localhost:58038/devtoo..., se:cdpVersion: 113.0.5672.127, setWindowRect: true, strictFileInteractability: false, timeouts: {implicit: 0, pageLoad: 300000, script: 30000}, unhandledPromptBehavior: dismiss and notify, webauthn:extension:credBlob: true, webauthn:extension:largeBlob: true, webauthn:extension:minPinLength: true, webauthn:extension:prf: true, webauthn:virtualAuthenticators: true}
Session ID: a7e2ee03ab6f3a3c0752afe5996a4b42
	at java.base/jdk.internal.reflect.NativeConstructorAccessorImpl.newInstance0(Native Method)
	at java.base/jdk.internal.reflect.NativeConstructorAccessorImpl.newInstance(NativeConstructorAccessorImpl.java:62)
	at java.base/jdk.internal.reflect.DelegatingConstructorAccessorImpl.newInstance(DelegatingConstructorAccessorImpl.java:45)
	at java.base/java.lang.reflect.Constructor.newInstance(Constructor.java:490)
	at org.openqa.selenium.remote.codec.w3c.W3CHttpResponseCodec.createException(W3CHttpResponseCodec.java:200)
	at org.openqa.selenium.remote.codec.w3c.W3CHttpResponseCodec.decode(W3CHttpResponseCodec.java:133)
	at org.openqa.selenium.remote.codec.w3c.W3CHttpResponseCodec.decode(W3CHttpResponseCodec.java:53)
	at org.openqa.selenium.remote.HttpCommandExecutor.execute(HttpCommandExecutor.java:193)
	at org.openqa.selenium.remote.service.DriverCommandExecutor.invokeExecute(DriverCommandExecutor.java:183)
	at org.openqa.selenium.remote.service.DriverCommandExecutor.execute(DriverCommandExecutor.java:158)
	at org.openqa.selenium.remote.RemoteWebDriver.execute(RemoteWebDriver.java:543)
	at org.openqa.selenium.remote.ElementLocation$ElementFinder$2.findElement(ElementLocation.java:162)
	at org.openqa.selenium.remote.ElementLocation.findElement(ElementLocation.java:60)
	at org.openqa.selenium.remote.RemoteWebDriver.findElement(RemoteWebDriver.java:352)
	at org.openqa.selenium.remote.RemoteWebDriver.findElement(RemoteWebDriver.java:344)
	at org.openqa.selenium.support.pagefactory.DefaultElementLocator.findElement(DefaultElementLocator.java:70)
	at org.openqa.selenium.support.pagefactory.internal.LocatingElementHandler.invoke(LocatingElementHandler.java:39)
	at com.sun.proxy.$Proxy24.getText(Unknown Source)
	at tek.capstone.dragons.steps.SignInsteps.userShouldBeLoggedIntoAccountPage(SignInsteps.java:64)
	at âœ½.User should be logged into account page(classpath:features/SignIn.feature:13)


    Embedding Verify user can create an account into Retail Websitescenario failed [img/png 18410 bytes]

]]></system-out>
    <system-err><![CDATA[Starting ChromeDriver 113.0.5672.63 (0e1a4471d5ae5bf128b1bd8f4d627c8cbd55f70c-refs/branch-heads/5672@{#912}) on port 7292
Only local connections are allowed.
Please see https://chromedriver.chromium.org/security-considerations for suggestions on keeping ChromeDriver safe.
ChromeDriver was started successfully.
May 31, 2023 10:41:22 PM org.openqa.selenium.devtools.CdpVersionFinder findNearestMatch
WARNING: Unable to find an exact match for CDP version 113, so returning the closest version found: 111
]]></system-err>
  </testcase>
  <testcase name="Verify user can sign in into Retail Application" classname="Sign in Feature" time="6.806">
    <system-out><![CDATA[
@Regression @Regression
Scenario: Verify user can sign in into Retail Application                   # features/SignIn.feature:16
 INFO [main] (SignInsteps.java:18)- User is on retail website
  Given User is on retail website                                           # tek.capstone.dragons.steps.SignInsteps.userIsOnRetailWebsite()
 INFO [main] (SignInsteps.java:24)- User clicked on signin button successfully
  When User click on Sign in option                                         # tek.capstone.dragons.steps.SignInsteps.userClickOnSignInOption()
 INFO [main] (SignInsteps.java:74)- User enter email and password successfully
  And User enter email 'newStudentHS@tekschool.us' and password 'Tek@12345' # tek.capstone.dragons.steps.SignInsteps.userEnterEmailAndPassword(java.lang.String,java.lang.String)
 INFO [main] (SignInsteps.java:80)- User click on log in button successfully
  And User click on login button                                            # tek.capstone.dragons.steps.SignInsteps.userClickOnLoginButton()
 INFO [main] (SignInsteps.java:88)- Account: was verified successfully
  Then User should be logged in into Account                                # tek.capstone.dragons.steps.SignInsteps.userShouldBeLoggedInIntoAccount()
]]></system-out>
    <system-err><![CDATA[Starting ChromeDriver 113.0.5672.63 (0e1a4471d5ae5bf128b1bd8f4d627c8cbd55f70c-refs/branch-heads/5672@{#912}) on port 46387
Only local connections are allowed.
Please see https://chromedriver.chromium.org/security-considerations for suggestions on keeping ChromeDriver safe.
ChromeDriver was started successfully.
May 31, 2023 10:41:49 PM org.openqa.selenium.devtools.CdpVersionFinder findNearestMatch
WARNING: Unable to find an exact match for CDP version 113, so returning the closest version found: 111
]]></system-err>
  </testcase>
</testsuite>